#
# A fatal error has been detected by the Java Runtime Environment:
#
#  EXCEPTION_ACCESS_VIOLATION (0xc0000005) at pc=0x00007ffd90e2e2f6, pid=2840, tid=29368
#
# JRE version: Java(TM) SE Runtime Environment (17.0.10+11) (build 17.0.10+11-LTS-240)
# Java VM: Java HotSpot(TM) 64-Bit Server VM (17.0.10+11-LTS-240, mixed mode, emulated-client, sharing, tiered, compressed oops, compressed class ptrs, g1 gc, windows-amd64)
# Problematic frame:
# V  [jvm.dll+0x1ae2f6]
#
# No core dump will be written. Minidumps are not enabled by default on client versions of Windows
#
# If you would like to submit a bug report, please visit:
#   https://bugreport.java.com/bugreport/crash.jsp
#

---------------  S U M M A R Y ------------

Command Line: -XX:TieredStopAtLevel=1 -Dspring.output.ansi.enabled=always -Dcom.sun.management.jmxremote -Dspring.jmx.enabled=true -Dspring.liveBeansView.mbeanDomain -Dspring.application.admin.enabled=true -Dmanagement.endpoints.jmx.exposure.include=* -javaagent:C:\Program Files\JetBrains\IntelliJ IDEA 2024.1.2\lib\idea_rt.jar=50055:C:\Program Files\JetBrains\IntelliJ IDEA 2024.1.2\bin -Dfile.encoding=UTF-8 com.example.doantotnghiepbe.DoAnTotNghiepBeApplication

Host: AMD Ryzen 7 4800H with Radeon Graphics         , 16 cores, 15G,  Windows 11 , 64 bit Build 22621 (10.0.22621.4391)
Time: Tue Dec 17 20:10:04 2024 SE Asia Standard Time elapsed time: 245.579106 seconds (0d 0h 4m 5s)

---------------  T H R E A D  ---------------

Current thread (0x0000028e7d741bc0):  GCTaskThread "GC Thread#2" [stack: 0x000000eb7f700000,0x000000eb7f800000] [id=29368]

Stack: [0x000000eb7f700000,0x000000eb7f800000],  sp=0x000000eb7f7ff878,  free space=1022k
Native frames: (J=compiled Java code, j=interpreted, Vv=VM code, C=native code)
V  [jvm.dll+0x1ae2f6]


siginfo: EXCEPTION_ACCESS_VIOLATION (0xc0000005), reading address 0x0000028f3c000007


Registers:
RAX=0x0000000000000000, RBX=0x0000000000000001, RCX=0x000000070d2e3f30, RDX=0x000000070d2e3f30
RSP=0x000000eb7f7ff878, RBP=0x0000028e244454f0, RSI=0x000000070be7df70, RDI=0x000000070d2e3f30
R8 =0x000000070d2e3f30, R9 =0x0000028f3bffffff, R10=0x000000070d2e3f30, R11=0x0000028e244454f0
R12=0x0000028e3b772398, R13=0x0000028e7f83dd00, R14=0x0000028e7f83dd00, R15=0x0000028f3bffffff
RIP=0x00007ffd90e2e2f6, EFLAGS=0x0000000000010206


Register to memory mapping:

RIP=0x00007ffd90e2e2f6 jvm.dll
RAX=0x0 is NULL
RBX=0x0000000000000001 is an unknown value
RCX=0x000000070d2e3f30 is pointing into object: [I 
{0x000000070d2e3f28} - klass: {type array int}
 - length: 7
RDX=0x000000070d2e3f30 is pointing into object: [I 
{0x000000070d2e3f28} - klass: {type array int}
 - length: 7
RSP=0x000000eb7f7ff878 points into unknown readable memory: 0x00007ffd90f849ac | ac 49 f8 90 fd 7f 00 00
RBP=0x0000028e244454f0 points into unknown readable memory: 0x00007ffd91577848 | 48 78 57 91 fd 7f 00 00
RSI=0x000000070be7df70 is pointing into object: org.springframework.util.ConcurrentReferenceHashMap$Segment 
{0x000000070be7df58} - klass: 'org/springframework/util/ConcurrentReferenceHashMap$Segment'
 - ---- fields (total size 5 words):
 - private final 'sync' 'Ljava/util/concurrent/locks/ReentrantLock$Sync;' @12  a 'java/util/concurrent/locks/ReentrantLock$NonfairSync'{0x000000070be7df80} (e17cfbf0)
 - private final 'initialSize' 'I' @16  1
 - private 'resizeThreshold' 'I' @20  0
 - private final 'referenceManager' 'Lorg/springframework/util/ConcurrentReferenceHashMap$ReferenceManager;' @24  
[error occurred during error reporting (printing register info), id 0xc0000005, EXCEPTION_ACCESS_VIOLATION (0xc0000005) at pc=0x00007ffd912e42d3]

Top of Stack: (sp=0x000000eb7f7ff878)
0x000000eb7f7ff878:   00007ffd90f849ac 0000028e7f83de80
0x000000eb7f7ff888:   00007ffd90f832a0 0000000000000011
0x000000eb7f7ff898:   0000028e3b481830 0000028e3b772000
0x000000eb7f7ff8a8:   00007ffd91416fe7 0000028e7f83de80
0x000000eb7f7ff8b8:   0000000000000000 0000000000000000
0x000000eb7f7ff8c8:   0000028e7f83dd00 0000028e3b772398
0x000000eb7f7ff8d8:   0000028e3b771fc0 0000028e7d73c530
0x000000eb7f7ff8e8:   0000028e7f83dd00 0000028e3b772398
0x000000eb7f7ff8f8:   000000eb7f7ffa20 000000070be7df70
0x000000eb7f7ff908:   0000028e244454f0 0000028e7f83dd00
0x000000eb7f7ff918:   00007ffd90f854e8 0000028e3b771fc0
0x000000eb7f7ff928:   0000028e7f83dd00 0000028e244454f0
0x000000eb7f7ff938:   0000000700006b18 000000eb7f7ff9b0
0x000000eb7f7ff948:   00007ffd90f59140 000000070be7df71
0x000000eb7f7ff958:   0000000000000000 000000eb7f7ffa20
0x000000eb7f7ff968:   0000000000000000 000000eb7e5feb70 

Instructions: (pc=0x00007ffd90e2e2f6)
0x00007ffd90e2e1f6:   20 0f 11 86 f8 02 00 00 48 8b 5c 24 40 48 8b 74
0x00007ffd90e2e206:   24 48 48 83 c4 30 5f c3 48 8b 07 48 8d 54 24 20
0x00007ffd90e2e216:   48 8b cf ff 50 38 48 8b 5c 24 40 48 8b 74 24 48
0x00007ffd90e2e226:   48 83 c4 30 5f c3 cc cc cc cc 48 89 5c 24 08 57
0x00007ffd90e2e236:   48 83 ec 30 48 8b 02 48 8b f9 48 8b ca 48 8b da
0x00007ffd90e2e246:   ff 50 38 84 c0 74 48 0f 10 83 f8 02 00 00 66 0f
0x00007ffd90e2e256:   73 d8 08 66 48 0f 7e c0 48 85 c0 74 32 0f 10 83
0x00007ffd90e2e266:   f8 02 00 00 48 8b 07 48 8d 54 24 20 48 8b cf 0f
0x00007ffd90e2e276:   29 44 24 20 ff 50 40 33 c0 48 89 44 24 20 48 89
0x00007ffd90e2e286:   44 24 28 0f 28 44 24 20 0f 11 83 f8 02 00 00 48
0x00007ffd90e2e296:   8b 5c 24 40 48 83 c4 30 5f c3 48 8b 49 40 48 8b
0x00007ffd90e2e2a6:   01 48 ff 60 28 cc cc cc cc cc 80 3d 40 9c 95 00
0x00007ffd90e2e2b6:   00 48 8b c1 74 1b 8b 51 08 8b 0d 03 20 8f 00 48
0x00007ffd90e2e2c6:   d3 e2 48 8b c8 48 03 15 ee 1f 8f 00 e9 19 00 00
0x00007ffd90e2e2d6:   00 48 8b 51 08 48 8b c8 e9 0d 00 00 00 cc cc cc
0x00007ffd90e2e2e6:   cc cc cc cc cc cc cc cc cc cc 4c 8b ca 48 8b d1
0x00007ffd90e2e2f6:   45 8b 41 08 45 85 c0 7e 0e 41 f6 c0 01 75 56 41
0x00007ffd90e2e306:   c1 f8 03 41 8b c0 c3 79 4c 80 3d e1 9b 95 00 00
0x00007ffd90e2e316:   b8 0c 00 00 00 b9 10 00 00 00 0f 45 c8 8b 05 bb
0x00007ffd90e2e326:   2e 8f 00 ff c8 4c 63 c8 48 63 14 11 41 8b c8 83
0x00007ffd90e2e336:   e1 3f 48 d3 e2 41 8b c8 48 c1 f9 10 0f b6 c1 49
0x00007ffd90e2e346:   8d 0c 11 49 f7 d1 48 03 c1 49 c1 e9 03 48 c1 e8
0x00007ffd90e2e356:   03 41 23 c1 c3 49 8b 01 49 8b c9 48 ff a0 00 01
0x00007ffd90e2e366:   00 00 cc cc cc cc cc cc cc cc 48 83 ec 38 0f 10
0x00007ffd90e2e376:   02 48 8b 49 40 48 8d 54 24 20 0f 29 44 24 20 e8
0x00007ffd90e2e386:   66 f2 ff ff 48 83 c4 38 c3 cc 48 83 ec 38 0f 10
0x00007ffd90e2e396:   02 48 8b 01 48 8d 54 24 20 0f 29 44 24 20 ff 50
0x00007ffd90e2e3a6:   38 48 83 c4 38 c3 cc cc cc cc 48 89 5c 24 08 55
0x00007ffd90e2e3b6:   56 57 41 54 41 55 41 56 41 57 48 8d 6c 24 e0 48
0x00007ffd90e2e3c6:   81 ec 20 01 00 00 48 8b 05 dd 1d 92 00 48 33 c4
0x00007ffd90e2e3d6:   48 89 45 10 48 8b 05 6f 92 94 00 45 33 ed 4c 8b
0x00007ffd90e2e3e6:   b5 80 00 00 00 4c 8b fa 48 8b bd 88 00 00 00 4d 


Stack slot to memory mapping:
stack at sp + 0 slots: 0x00007ffd90f849ac jvm.dll
stack at sp + 1 slots: 0x0000028e7f83de80 points into unknown readable memory: 0x00007ffd9157df90 | 90 df 57 91 fd 7f 00 00
stack at sp + 2 slots: 0x00007ffd90f832a0 jvm.dll
stack at sp + 3 slots: 0x0000000000000011 is an unknown value
stack at sp + 4 slots: 0x0000028e3b481830 points into unknown readable memory: 0x000000070ce00000 | 00 00 e0 0c 07 00 00 00
stack at sp + 5 slots: 0x0000028e3b772000 points into unknown readable memory: 0x0000028e7e00495b | 5b 49 00 7e 8e 02 00 00
stack at sp + 6 slots: 0x00007ffd91416fe7 jvm.dll
stack at sp + 7 slots: 0x0000028e7f83de80 points into unknown readable memory: 0x00007ffd9157df90 | 90 df 57 91 fd 7f 00 00


---------------  P R O C E S S  ---------------

Threads class SMR info:
_java_thread_list=0x0000028e043f4c10, length=33, elements={
0x0000028e3b6576c0, 0x0000028e3b663190, 0x0000028e3b6791e0, 0x0000028e3b679ab0,
0x0000028e3b67a380, 0x0000028e3b67cc60, 0x0000028e3b67d530, 0x0000028e3b682610,
0x0000028e3b6efd80, 0x0000028e3ba59850, 0x0000028e3ba5cbc0, 0x0000028e7d348b00,
0x0000028e7db39d90, 0x0000028e7db3b1d0, 0x0000028e7db3cb20, 0x0000028e7f370700,
0x0000028e7f372050, 0x0000028e7f372f80, 0x0000028e0418f530, 0x0000028e0418ccb0,
0x0000028e04192ce0, 0x0000028e0418eb10, 0x0000028e0418c290, 0x0000028e0418b870,
0x0000028e0418e0f0, 0x0000028e0418dbe0, 0x0000028e0418d1c0, 0x0000028e0418d6d0,
0x0000028e04190e80, 0x0000028e04190460, 0x0000028e0418f020, 0x0000028e04190970,
0x0000028e0418ff50
}

Java Threads: ( => current thread )
  0x0000028e3b6576c0 JavaThread "Reference Handler" daemon [_thread_blocked, id=3112, stack(0x000000eb7e600000,0x000000eb7e700000)]
  0x0000028e3b663190 JavaThread "Finalizer" daemon [_thread_blocked, id=28432, stack(0x000000eb7e700000,0x000000eb7e800000)]
  0x0000028e3b6791e0 JavaThread "Signal Dispatcher" daemon [_thread_blocked, id=2960, stack(0x000000eb7e800000,0x000000eb7e900000)]
  0x0000028e3b679ab0 JavaThread "Attach Listener" daemon [_thread_blocked, id=13620, stack(0x000000eb7e900000,0x000000eb7ea00000)]
  0x0000028e3b67a380 JavaThread "Service Thread" daemon [_thread_blocked, id=8684, stack(0x000000eb7ea00000,0x000000eb7eb00000)]
  0x0000028e3b67cc60 JavaThread "Monitor Deflation Thread" daemon [_thread_blocked, id=17328, stack(0x000000eb7eb00000,0x000000eb7ec00000)]
  0x0000028e3b67d530 JavaThread "C1 CompilerThread0" daemon [_thread_blocked, id=27604, stack(0x000000eb7ec00000,0x000000eb7ed00000)]
  0x0000028e3b682610 JavaThread "Sweeper thread" daemon [_thread_blocked, id=9172, stack(0x000000eb7ed00000,0x000000eb7ee00000)]
  0x0000028e3b6efd80 JavaThread "Common-Cleaner" daemon [_thread_blocked, id=30876, stack(0x000000eb7ee00000,0x000000eb7ef00000)]
  0x0000028e3ba59850 JavaThread "Monitor Ctrl-Break" daemon [_thread_in_native, id=22836, stack(0x000000eb7f200000,0x000000eb7f300000)]
  0x0000028e3ba5cbc0 JavaThread "Notification Thread" daemon [_thread_blocked, id=20620, stack(0x000000eb7f300000,0x000000eb7f400000)]
  0x0000028e7d348b00 JavaThread "RMI TCP Accept-0" daemon [_thread_in_native, id=26180, stack(0x000000eb7f400000,0x000000eb7f500000)]
  0x0000028e7db39d90 JavaThread "RMI Scheduler(0)" daemon [_thread_blocked, id=12740, stack(0x000000eb00200000,0x000000eb00300000)]
  0x0000028e7db3b1d0 JavaThread "mssql-jdbc-shared-timer-core-0" daemon [_thread_blocked, id=30528, stack(0x000000eb00f00000,0x000000eb01000000)]
  0x0000028e7db3cb20 JavaThread "HikariPool-1 housekeeper" daemon [_thread_blocked, id=21536, stack(0x000000eb01100000,0x000000eb01200000)]
  0x0000028e7f370700 JavaThread "Catalina-utility-1" [_thread_blocked, id=5764, stack(0x000000eb01900000,0x000000eb01a00000)]
  0x0000028e7f372050 JavaThread "Catalina-utility-2" [_thread_blocked, id=7544, stack(0x000000eb01a00000,0x000000eb01b00000)]
  0x0000028e7f372f80 JavaThread "container-0" [_thread_blocked, id=19420, stack(0x000000eb01b00000,0x000000eb01c00000)]
  0x0000028e0418f530 JavaThread "File Watcher" daemon [_thread_blocked, id=28608, stack(0x000000eb01f00000,0x000000eb02000000)]
  0x0000028e0418ccb0 JavaThread "Live Reload Server" daemon [_thread_in_native, id=25632, stack(0x000000eb02100000,0x000000eb02200000)]
  0x0000028e04192ce0 JavaThread "http-nio-8080-exec-1" daemon [_thread_blocked, id=31216, stack(0x000000eb02000000,0x000000eb02100000)]
  0x0000028e0418eb10 JavaThread "http-nio-8080-exec-2" daemon [_thread_blocked, id=26196, stack(0x000000eb02200000,0x000000eb02300000)]
  0x0000028e0418c290 JavaThread "http-nio-8080-exec-3" daemon [_thread_blocked, id=11612, stack(0x000000eb02300000,0x000000eb02400000)]
  0x0000028e0418b870 JavaThread "http-nio-8080-exec-4" daemon [_thread_blocked, id=17444, stack(0x000000eb02400000,0x000000eb02500000)]
  0x0000028e0418e0f0 JavaThread "http-nio-8080-exec-5" daemon [_thread_blocked, id=31432, stack(0x000000eb02500000,0x000000eb02600000)]
  0x0000028e0418dbe0 JavaThread "http-nio-8080-exec-6" daemon [_thread_blocked, id=10148, stack(0x000000eb02600000,0x000000eb02700000)]
  0x0000028e0418d1c0 JavaThread "http-nio-8080-exec-7" daemon [_thread_blocked, id=29580, stack(0x000000eb02700000,0x000000eb02800000)]
  0x0000028e0418d6d0 JavaThread "http-nio-8080-exec-8" daemon [_thread_blocked, id=6616, stack(0x000000eb02800000,0x000000eb02900000)]
  0x0000028e04190e80 JavaThread "http-nio-8080-exec-9" daemon [_thread_blocked, id=14208, stack(0x000000eb02900000,0x000000eb02a00000)]
  0x0000028e04190460 JavaThread "http-nio-8080-exec-10" daemon [_thread_blocked, id=19276, stack(0x000000eb02a00000,0x000000eb02b00000)]
  0x0000028e0418f020 JavaThread "http-nio-8080-Poller" daemon [_thread_in_native, id=11076, stack(0x000000eb02b00000,0x000000eb02c00000)]
  0x0000028e04190970 JavaThread "http-nio-8080-Acceptor" daemon [_thread_in_native, id=2956, stack(0x000000eb02c00000,0x000000eb02d00000)]
  0x0000028e0418ff50 JavaThread "DestroyJavaVM" [_thread_blocked, id=4232, stack(0x000000eb7df00000,0x000000eb7e000000)]

Other Threads:
  0x0000028e3b657190 VMThread "VM Thread" [stack: 0x000000eb7e500000,0x000000eb7e600000] [id=31512]
  0x0000028e3b765460 WatcherThread [stack: 0x000000eb7f500000,0x000000eb7f600000] [id=30252]
  0x0000028e244a0530 GCTaskThread "GC Thread#0" [stack: 0x000000eb7e000000,0x000000eb7e100000] [id=29300]
  0x0000028e7d741900 GCTaskThread "GC Thread#1" [stack: 0x000000eb7f600000,0x000000eb7f700000] [id=31668]
=>0x0000028e7d741bc0 GCTaskThread "GC Thread#2" [stack: 0x000000eb7f700000,0x000000eb7f800000] [id=29368]
  0x0000028e7d718ee0 GCTaskThread "GC Thread#3" [stack: 0x000000eb7f800000,0x000000eb7f900000] [id=22012]
  0x0000028e7d7191a0 GCTaskThread "GC Thread#4" [stack: 0x000000eb7f900000,0x000000eb7fa00000] [id=10516]
  0x0000028e7d757e80 GCTaskThread "GC Thread#5" [stack: 0x000000eb7fa00000,0x000000eb7fb00000] [id=4236]
  0x0000028e7d758550 GCTaskThread "GC Thread#6" [stack: 0x000000eb7fb00000,0x000000eb7fc00000] [id=13872]
  0x0000028e7da02330 GCTaskThread "GC Thread#7" [stack: 0x000000eb7fe00000,0x000000eb7ff00000] [id=8388]
  0x0000028e7da025f0 GCTaskThread "GC Thread#8" [stack: 0x000000eb7ff00000,0x000000eb80000000] [id=16096]
  0x0000028e7de9d860 GCTaskThread "GC Thread#9" [stack: 0x000000eb00700000,0x000000eb00800000] [id=18948]
  0x0000028e7dfc9bd0 GCTaskThread "GC Thread#10" [stack: 0x000000eb00800000,0x000000eb00900000] [id=23308]
  0x0000028e7dee8990 GCTaskThread "GC Thread#11" [stack: 0x000000eb00900000,0x000000eb00a00000] [id=30224]
  0x0000028e7dfc1020 GCTaskThread "GC Thread#12" [stack: 0x000000eb00a00000,0x000000eb00b00000] [id=23232]
  0x0000028e244b1a50 ConcurrentGCThread "G1 Main Marker" [stack: 0x000000eb7e100000,0x000000eb7e200000] [id=28892]
  0x0000028e244b2360 ConcurrentGCThread "G1 Conc#0" [stack: 0x000000eb7e200000,0x000000eb7e300000] [id=25476]
  0x0000028e7dffb240 ConcurrentGCThread "G1 Conc#1" [stack: 0x000000eb00b00000,0x000000eb00c00000] [id=27200]
  0x0000028e7e023340 ConcurrentGCThread "G1 Conc#2" [stack: 0x000000eb00c00000,0x000000eb00d00000] [id=21008]
  0x0000028e3b511ff0 ConcurrentGCThread "G1 Refine#0" [stack: 0x000000eb7e300000,0x000000eb7e400000] [id=15152]
  0x0000028e3b5137d0 ConcurrentGCThread "G1 Service" [stack: 0x000000eb7e400000,0x000000eb7e500000] [id=7036]

Threads with active compile tasks:

VM state: at safepoint (normal execution)

VM Mutex/Monitor currently owned by a thread:  ([mutex/lock_event])
[0x0000028e24432af0] Threads_lock - owner thread: 0x0000028e3b657190
[0x0000028e244312c0] Heap_lock - owner thread: 0x0000028e0418f530

Heap address: 0x0000000709400000, size: 3948 MB, Compressed Oops mode: Zero based, Oop shift amount: 3

CDS archive(s) mapped at: [0x0000028e3c000000-0x0000028e3cbd0000-0x0000028e3cbd0000), size 12386304, SharedBaseAddress: 0x0000028e3c000000, ArchiveRelocationMode: 1.
Compressed class space mapped at: 0x0000028e3d000000-0x0000028e7d000000, reserved size: 1073741824
Narrow klass base: 0x0000028e3c000000, Narrow klass shift: 0, Narrow klass range: 0x100000000

GC Precious Log:
 CPUs: 16 total, 16 available
 Memory: 15790M
 Large Page Support: Disabled
 NUMA Support: Disabled
 Compressed Oops: Enabled (Zero based)
 Heap Region Size: 2M
 Heap Min Capacity: 8M
 Heap Initial Capacity: 248M
 Heap Max Capacity: 3948M
 Pre-touch: Disabled
 Parallel Workers: 13
 Concurrent Workers: 3
 Concurrent Refinement Workers: 13
 Periodic GC: Disabled

Heap:
 garbage-first heap   total 122880K, used 98226K [0x0000000709400000, 0x0000000800000000)
  region size 2048K, 26 young (53248K), 3 survivors (6144K)
 Metaspace       used 81873K, committed 82560K, reserved 1179648K
  class space    used 11989K, committed 12288K, reserved 1048576K

Heap Regions: E=young(eden), S=young(survivor), O=old, HS=humongous(starts), HC=humongous(continues), CS=collection set, F=free, OA=open archive, CA=closed archive, TAMS=top-at-mark-start (previous, next)
|   0|0x0000000709400000, 0x0000000709600000, 0x0000000709600000|100%| O|  |TAMS 0x0000000709600000, 0x0000000709400000| Untracked 
|   1|0x0000000709600000, 0x0000000709800000, 0x0000000709800000|100%| O|  |TAMS 0x0000000709800000, 0x0000000709600000| Untracked 
|   2|0x0000000709800000, 0x0000000709a00000, 0x0000000709a00000|100%| O|  |TAMS 0x0000000709a00000, 0x0000000709800000| Untracked 
|   3|0x0000000709a00000, 0x0000000709c00000, 0x0000000709c00000|100%| O|  |TAMS 0x0000000709c00000, 0x0000000709a00000| Untracked 
|   4|0x0000000709c00000, 0x0000000709cc6400, 0x0000000709e00000| 38%| O|  |TAMS 0x0000000709cc6400, 0x0000000709c00000| Untracked 
|   5|0x0000000709e00000, 0x000000070a000000, 0x000000070a000000|100%| O|  |TAMS 0x000000070a000000, 0x0000000709e00000| Untracked 
|   6|0x000000070a000000, 0x000000070a200000, 0x000000070a200000|100%| O|  |TAMS 0x000000070a200000, 0x000000070a000000| Untracked 
|   7|0x000000070a200000, 0x000000070a400000, 0x000000070a400000|100%| O|  |TAMS 0x000000070a400000, 0x000000070a200000| Untracked 
|   8|0x000000070a400000, 0x000000070a600000, 0x000000070a600000|100%| O|  |TAMS 0x000000070a600000, 0x000000070a400000| Untracked 
|   9|0x000000070a600000, 0x000000070a800000, 0x000000070a800000|100%| O|  |TAMS 0x000000070a800000, 0x000000070a600000| Untracked 
|  10|0x000000070a800000, 0x000000070aa00000, 0x000000070aa00000|100%| O|  |TAMS 0x000000070aa00000, 0x000000070a800000| Untracked 
|  11|0x000000070aa00000, 0x000000070ac00000, 0x000000070ac00000|100%| O|  |TAMS 0x000000070ac00000, 0x000000070aa00000| Untracked 
|  12|0x000000070ac00000, 0x000000070ae00000, 0x000000070ae00000|100%| O|  |TAMS 0x000000070ae00000, 0x000000070ac00000| Untracked 
|  13|0x000000070ae00000, 0x000000070b000000, 0x000000070b000000|100%| O|  |TAMS 0x000000070b000000, 0x000000070ae00000| Untracked 
|  14|0x000000070b000000, 0x000000070b200000, 0x000000070b200000|100%| O|  |TAMS 0x000000070b200000, 0x000000070b000000| Untracked 
|  15|0x000000070b200000, 0x000000070b400000, 0x000000070b400000|100%| O|  |TAMS 0x000000070b400000, 0x000000070b200000| Untracked 
|  16|0x000000070b400000, 0x000000070b600000, 0x000000070b600000|100%| O|  |TAMS 0x000000070b600000, 0x000000070b400000| Untracked 
|  17|0x000000070b600000, 0x000000070b800000, 0x000000070b800000|100%| O|  |TAMS 0x000000070b800000, 0x000000070b600000| Untracked 
|  18|0x000000070b800000, 0x000000070ba00000, 0x000000070ba00000|100%| O|  |TAMS 0x000000070ba00000, 0x000000070b800000| Untracked 
|  19|0x000000070ba00000, 0x000000070bc00000, 0x000000070bc00000|100%| O|  |TAMS 0x000000070ba3d200, 0x000000070ba00000| Untracked 
|  20|0x000000070bc00000, 0x000000070be00000, 0x000000070be00000|100%| O|  |TAMS 0x000000070bc00000, 0x000000070bc00000| Untracked 
|  21|0x000000070be00000, 0x000000070c000000, 0x000000070c000000|100%| O|  |TAMS 0x000000070be00000, 0x000000070be00000| Untracked 
|  22|0x000000070c000000, 0x000000070c200000, 0x000000070c200000|100%| O|  |TAMS 0x000000070c000000, 0x000000070c000000| Untracked 
|  23|0x000000070c200000, 0x000000070c362b40, 0x000000070c400000| 69%| O|  |TAMS 0x000000070c200000, 0x000000070c200000| Untracked 
|  24|0x000000070c400000, 0x000000070c400000, 0x000000070c600000|  0%| F|  |TAMS 0x000000070c400000, 0x000000070c400000| Untracked 
|  25|0x000000070c600000, 0x000000070c600000, 0x000000070c800000|  0%| F|  |TAMS 0x000000070c600000, 0x000000070c600000| Untracked 
|  26|0x000000070c800000, 0x000000070c800000, 0x000000070ca00000|  0%| F|  |TAMS 0x000000070c800000, 0x000000070c800000| Untracked 
|  27|0x000000070ca00000, 0x000000070ca00000, 0x000000070cc00000|  0%| F|  |TAMS 0x000000070ca00000, 0x000000070ca00000| Untracked 
|  28|0x000000070cc00000, 0x000000070cc36b30, 0x000000070ce00000| 10%| E|CS|TAMS 0x000000070cc00000, 0x000000070cc00000| Complete 
|  29|0x000000070ce00000, 0x000000070d000000, 0x000000070d000000|100%| E|CS|TAMS 0x000000070ce00000, 0x000000070ce00000| Complete 
|  30|0x000000070d000000, 0x000000070d200000, 0x000000070d200000|100%| E|CS|TAMS 0x000000070d000000, 0x000000070d000000| Complete 
|  31|0x000000070d200000, 0x000000070d400000, 0x000000070d400000|100%| E|CS|TAMS 0x000000070d200000, 0x000000070d200000| Complete 
|  32|0x000000070d400000, 0x000000070d400000, 0x000000070d600000|  0%| F|  |TAMS 0x000000070d400000, 0x000000070d400000| Untracked 
|  33|0x000000070d600000, 0x000000070d600000, 0x000000070d800000|  0%| F|  |TAMS 0x000000070d600000, 0x000000070d600000| Untracked 
|  34|0x000000070d800000, 0x000000070d87e2e0, 0x000000070da00000| 24%| S|  |TAMS 0x000000070d800000, 0x000000070d800000| Complete 
|  35|0x000000070da00000, 0x000000070dc00000, 0x000000070dc00000|100%| S|  |TAMS 0x000000070da00000, 0x000000070da00000| Complete 
|  36|0x000000070dc00000, 0x000000070de00000, 0x000000070de00000|100%| S|  |TAMS 0x000000070dc00000, 0x000000070dc00000| Complete 
|  37|0x000000070de00000, 0x000000070e000000, 0x000000070e000000|100%| E|CS|TAMS 0x000000070de00000, 0x000000070de00000| Complete 
|  38|0x000000070e000000, 0x000000070e200000, 0x000000070e200000|100%| E|CS|TAMS 0x000000070e000000, 0x000000070e000000| Complete 
|  39|0x000000070e200000, 0x000000070e400000, 0x000000070e400000|100%| E|CS|TAMS 0x000000070e200000, 0x000000070e200000| Complete 
|  40|0x000000070e400000, 0x000000070e600000, 0x000000070e600000|100%| E|CS|TAMS 0x000000070e400000, 0x000000070e400000| Complete 
|  41|0x000000070e600000, 0x000000070e800000, 0x000000070e800000|100%| E|CS|TAMS 0x000000070e600000, 0x000000070e600000| Complete 
|  42|0x000000070e800000, 0x000000070ea00000, 0x000000070ea00000|100%| E|CS|TAMS 0x000000070e800000, 0x000000070e800000| Complete 
|  43|0x000000070ea00000, 0x000000070ec00000, 0x000000070ec00000|100%| E|CS|TAMS 0x000000070ea00000, 0x000000070ea00000| Complete 
|  44|0x000000070ec00000, 0x000000070ee00000, 0x000000070ee00000|100%| E|CS|TAMS 0x000000070ec00000, 0x000000070ec00000| Complete 
|  45|0x000000070ee00000, 0x000000070f000000, 0x000000070f000000|100%| E|CS|TAMS 0x000000070ee00000, 0x000000070ee00000| Complete 
|  46|0x000000070f000000, 0x000000070f200000, 0x000000070f200000|100%| E|CS|TAMS 0x000000070f000000, 0x000000070f000000| Complete 
|  47|0x000000070f200000, 0x000000070f400000, 0x000000070f400000|100%| E|CS|TAMS 0x000000070f200000, 0x000000070f200000| Complete 
|  48|0x000000070f400000, 0x000000070f600000, 0x000000070f600000|100%| E|CS|TAMS 0x000000070f400000, 0x000000070f400000| Complete 
|  49|0x000000070f600000, 0x000000070f800000, 0x000000070f800000|100%| E|CS|TAMS 0x000000070f600000, 0x000000070f600000| Complete 
|  50|0x000000070f800000, 0x000000070fa00000, 0x000000070fa00000|100%| E|CS|TAMS 0x000000070f800000, 0x000000070f800000| Complete 
|  51|0x000000070fa00000, 0x000000070fc00000, 0x000000070fc00000|100%| E|CS|TAMS 0x000000070fa00000, 0x000000070fa00000| Complete 
|  52|0x000000070fc00000, 0x000000070fe00000, 0x000000070fe00000|100%| E|CS|TAMS 0x000000070fc00000, 0x000000070fc00000| Complete 
|  53|0x000000070fe00000, 0x0000000710000000, 0x0000000710000000|100%| E|CS|TAMS 0x000000070fe00000, 0x000000070fe00000| Complete 
|  54|0x0000000710000000, 0x0000000710200000, 0x0000000710200000|100%| E|CS|TAMS 0x0000000710000000, 0x0000000710000000| Complete 
| 118|0x0000000718000000, 0x0000000718200000, 0x0000000718200000|100%| E|CS|TAMS 0x0000000718000000, 0x0000000718000000| Complete 
| 119|0x0000000718200000, 0x0000000718400000, 0x0000000718400000|100%| E|CS|TAMS 0x0000000718200000, 0x0000000718200000| Complete 
| 120|0x0000000718400000, 0x0000000718600000, 0x0000000718600000|100%| E|CS|TAMS 0x0000000718400000, 0x0000000718400000| Complete 
| 121|0x0000000718600000, 0x0000000718800000, 0x0000000718800000|100%| E|CS|TAMS 0x0000000718600000, 0x0000000718600000| Complete 
| 123|0x0000000718a00000, 0x0000000718c00000, 0x0000000718c00000|100%| E|CS|TAMS 0x0000000718a00000, 0x0000000718a00000| Complete 

Card table byte_map: [0x0000028e2faf0000,0x0000028e302b0000] _byte_map_base: 0x0000028e2c2a6000

Marking Bits (Prev, Next): (CMBitMap*) 0x0000028e244a0a50, (CMBitMap*) 0x0000028e244a0a90
 Prev Bits: [0x0000028e30a70000, 0x0000028e34820000)
 Next Bits: [0x0000028e34820000, 0x0000028e385d0000)

Polling page: 0x0000028e22350000

Metaspace:

Usage:
  Non-class:     68.25 MB used.
      Class:     11.71 MB used.
       Both:     79.95 MB used.

Virtual space:
  Non-class space:      128.00 MB reserved,      68.62 MB ( 54%) committed,  2 nodes.
      Class space:        1.00 GB reserved,      12.00 MB (  1%) committed,  1 nodes.
             Both:        1.12 GB reserved,      80.62 MB (  7%) committed. 

Chunk freelists:
   Non-Class:  11.14 MB
       Class:  3.83 MB
        Both:  14.97 MB

MaxMetaspaceSize: unlimited
CompressedClassSpaceSize: 1.00 GB
Initial GC threshold: 21.00 MB
Current GC threshold: 121.69 MB
CDS: on
MetaspaceReclaimPolicy: balanced
 - commit_granule_bytes: 65536.
 - commit_granule_words: 8192.
 - virtual_space_node_default_size: 8388608.
 - enlarge_chunks_in_place: 1.
 - new_chunks_are_fully_committed: 0.
 - uncommit_free_chunks: 1.
 - use_allocation_guard: 0.
 - handle_deallocations: 1.


Internal statistics:

num_allocs_failed_limit: 12.
num_arena_births: 986.
num_arena_deaths: 0.
num_vsnodes_births: 3.
num_vsnodes_deaths: 0.
num_space_committed: 1290.
num_space_uncommitted: 0.
num_chunks_returned_to_freelist: 12.
num_chunks_taken_from_freelist: 3976.
num_chunk_merges: 9.
num_chunk_splits: 2846.
num_chunks_enlarged: 2195.
num_inconsistent_stats: 0.

CodeCache: size=49152Kb used=16199Kb max_used=19293Kb free=32952Kb
 bounds [0x0000028e2bcd0000, 0x0000028e2cfb0000, 0x0000028e2ecd0000]
 total_blobs=10301 nmethods=9574 adapters=653
 compilation: enabled
              stopped_count=0, restarted_count=0
 full_count=0

Compilation events (20 events):
Event: 206.387 Thread 0x0000028e3b67d530 9565       1       java.util.concurrent.ScheduledThreadPoolExecutor$ScheduledFutureTask::run (57 bytes)
Event: 206.387 Thread 0x0000028e3b67d530 nmethod 9565 0x0000028e2c4bf710 code [0x0000028e2c4bf900, 0x0000028e2c4bfb38]
Event: 206.387 Thread 0x0000028e3b67d530 9566       1       java.util.concurrent.ScheduledThreadPoolExecutor$ScheduledFutureTask::isPeriodic (15 bytes)
Event: 206.387 Thread 0x0000028e3b67d530 nmethod 9566 0x0000028e2c4bf410 code [0x0000028e2c4bf5a0, 0x0000028e2c4bf698]
Event: 206.387 Thread 0x0000028e3b67d530 9567       1       java.util.concurrent.Executors$RunnableAdapter::call (14 bytes)
Event: 206.387 Thread 0x0000028e3b67d530 nmethod 9567 0x0000028e2c4bf110 code [0x0000028e2c4bf2a0, 0x0000028e2c4bf3a8]
Event: 206.387 Thread 0x0000028e3b67d530 9568       1       java.util.concurrent.ScheduledThreadPoolExecutor$ScheduledFutureTask::setNextRunTime (38 bytes)
Event: 206.387 Thread 0x0000028e3b67d530 nmethod 9568 0x0000028e2c4bec90 code [0x0000028e2c4bee40, 0x0000028e2c4bf028]
Event: 206.387 Thread 0x0000028e3b67d530 9569       1       java.util.concurrent.ScheduledThreadPoolExecutor::reExecutePeriodic (49 bytes)
Event: 206.388 Thread 0x0000028e3b67d530 nmethod 9569 0x0000028e2c4be690 code [0x0000028e2c4be880, 0x0000028e2c4beae8]
Event: 206.481 Thread 0x0000028e3b67d530 9570       1       java.util.concurrent.ScheduledThreadPoolExecutor$DelayedWorkQueue::siftDown (119 bytes)
Event: 206.482 Thread 0x0000028e3b67d530 nmethod 9570 0x0000028e2c4bd990 code [0x0000028e2c4bdb80, 0x0000028e2c4be258]
Event: 206.482 Thread 0x0000028e3b67d530 9571   !   1       java.util.concurrent.FutureTask::runAndReset (125 bytes)
Event: 206.483 Thread 0x0000028e3b67d530 nmethod 9571 0x0000028e2c4bc890 code [0x0000028e2c4bcb00, 0x0000028e2c4bd498]
Event: 216.382 Thread 0x0000028e3b67d530 9572       1       java.util.concurrent.locks.AbstractQueuedSynchronizer$ConditionObject::unlinkCancelledWaiters (91 bytes)
Event: 216.382 Thread 0x0000028e3b67d530 nmethod 9572 0x0000028e2c4bc310 code [0x0000028e2c4bc4c0, 0x0000028e2c4bc798]
Event: 226.505 Thread 0x0000028e3b67d530 9573       1       org.apache.catalina.webresources.Cache$$Lambda$1826/0x0000028e3dbf6158::applyAsLong (8 bytes)
Event: 226.505 Thread 0x0000028e3b67d530 nmethod 9573 0x0000028e2c4bbf90 code [0x0000028e2c4bc120, 0x0000028e2c4bc238]
Event: 234.279 Thread 0x0000028e3b67d530 9574       1       java.util.Date::<init> (8 bytes)
Event: 234.279 Thread 0x0000028e3b67d530 nmethod 9574 0x0000028e2c4bbc90 code [0x0000028e2c4bbe20, 0x0000028e2c4bbef8]

GC Heap History (20 events):
Event: 6.196 GC heap after
{Heap after GC invocations=19 (full 0):
 garbage-first heap   total 83968K, used 35798K [0x0000000709400000, 0x0000000800000000)
  region size 2048K, 2 young (4096K), 2 survivors (4096K)
 Metaspace       used 68747K, committed 69312K, reserved 1114112K
  class space    used 10039K, committed 10304K, reserved 1048576K
}
Event: 6.270 GC heap before
{Heap before GC invocations=19 (full 0):
 garbage-first heap   total 83968K, used 64470K [0x0000000709400000, 0x0000000800000000)
  region size 2048K, 16 young (32768K), 2 survivors (4096K)
 Metaspace       used 68853K, committed 69440K, reserved 1114112K
  class space    used 10063K, committed 10368K, reserved 1048576K
}
Event: 6.273 GC heap after
{Heap after GC invocations=20 (full 0):
 garbage-first heap   total 83968K, used 37853K [0x0000000709400000, 0x0000000800000000)
  region size 2048K, 2 young (4096K), 2 survivors (4096K)
 Metaspace       used 68853K, committed 69440K, reserved 1114112K
  class space    used 10063K, committed 10368K, reserved 1048576K
}
Event: 6.453 GC heap before
{Heap before GC invocations=20 (full 0):
 garbage-first heap   total 83968K, used 64477K [0x0000000709400000, 0x0000000800000000)
  region size 2048K, 15 young (30720K), 2 survivors (4096K)
 Metaspace       used 69470K, committed 70080K, reserved 1114112K
  class space    used 10147K, committed 10432K, reserved 1048576K
}
Event: 6.455 GC heap after
{Heap after GC invocations=21 (full 0):
 garbage-first heap   total 102400K, used 38622K [0x0000000709400000, 0x0000000800000000)
  region size 2048K, 2 young (4096K), 2 survivors (4096K)
 Metaspace       used 69470K, committed 70080K, reserved 1114112K
  class space    used 10147K, committed 10432K, reserved 1048576K
}
Event: 6.551 GC heap before
{Heap before GC invocations=21 (full 0):
 garbage-first heap   total 102400K, used 79582K [0x0000000709400000, 0x0000000800000000)
  region size 2048K, 22 young (45056K), 2 survivors (4096K)
 Metaspace       used 69537K, committed 70208K, reserved 1114112K
  class space    used 10173K, committed 10496K, reserved 1048576K
}
Event: 6.553 GC heap after
{Heap after GC invocations=22 (full 0):
 garbage-first heap   total 102400K, used 40040K [0x0000000709400000, 0x0000000800000000)
  region size 2048K, 3 young (6144K), 3 survivors (6144K)
 Metaspace       used 69537K, committed 70208K, reserved 1114112K
  class space    used 10173K, committed 10496K, reserved 1048576K
}
Event: 6.623 GC heap before
{Heap before GC invocations=22 (full 0):
 garbage-first heap   total 102400K, used 78952K [0x0000000709400000, 0x0000000800000000)
  region size 2048K, 22 young (45056K), 3 survivors (6144K)
 Metaspace       used 69539K, committed 70208K, reserved 1114112K
  class space    used 10173K, committed 10496K, reserved 1048576K
}
Event: 6.625 GC heap after
{Heap after GC invocations=23 (full 0):
 garbage-first heap   total 102400K, used 39830K [0x0000000709400000, 0x0000000800000000)
  region size 2048K, 1 young (2048K), 1 survivors (2048K)
 Metaspace       used 69539K, committed 70208K, reserved 1114112K
  class space    used 10173K, committed 10496K, reserved 1048576K
}
Event: 6.696 GC heap before
{Heap before GC invocations=23 (full 0):
 garbage-first heap   total 102400K, used 82838K [0x0000000709400000, 0x0000000800000000)
  region size 2048K, 22 young (45056K), 1 survivors (2048K)
 Metaspace       used 69544K, committed 70208K, reserved 1114112K
  class space    used 10173K, committed 10496K, reserved 1048576K
}
Event: 6.697 GC heap after
{Heap after GC invocations=24 (full 0):
 garbage-first heap   total 102400K, used 41067K [0x0000000709400000, 0x0000000800000000)
  region size 2048K, 2 young (4096K), 2 survivors (4096K)
 Metaspace       used 69544K, committed 70208K, reserved 1114112K
  class space    used 10173K, committed 10496K, reserved 1048576K
}
Event: 6.893 GC heap before
{Heap before GC invocations=24 (full 0):
 garbage-first heap   total 102400K, used 82027K [0x0000000709400000, 0x0000000800000000)
  region size 2048K, 22 young (45056K), 2 survivors (4096K)
 Metaspace       used 70281K, committed 70912K, reserved 1114112K
  class space    used 10276K, committed 10560K, reserved 1048576K
}
Event: 6.895 GC heap after
{Heap after GC invocations=25 (full 0):
 garbage-first heap   total 122880K, used 41976K [0x0000000709400000, 0x0000000800000000)
  region size 2048K, 2 young (4096K), 2 survivors (4096K)
 Metaspace       used 70281K, committed 70912K, reserved 1114112K
  class space    used 10276K, committed 10560K, reserved 1048576K
}
Event: 7.504 GC heap before
{Heap before GC invocations=25 (full 0):
 garbage-first heap   total 122880K, used 99320K [0x0000000709400000, 0x0000000800000000)
  region size 2048K, 30 young (61440K), 2 survivors (4096K)
 Metaspace       used 72236K, committed 72832K, reserved 1114112K
  class space    used 10543K, committed 10816K, reserved 1048576K
}
Event: 7.507 GC heap after
{Heap after GC invocations=26 (full 0):
 garbage-first heap   total 122880K, used 44972K [0x0000000709400000, 0x0000000800000000)
  region size 2048K, 4 young (8192K), 4 survivors (8192K)
 Metaspace       used 72236K, committed 72832K, reserved 1114112K
  class space    used 10543K, committed 10816K, reserved 1048576K
}
Event: 7.896 GC heap before
{Heap before GC invocations=26 (full 0):
 garbage-first heap   total 122880K, used 75692K [0x0000000709400000, 0x0000000800000000)
  region size 2048K, 20 young (40960K), 4 survivors (8192K)
 Metaspace       used 73975K, committed 74560K, reserved 1114112K
  class space    used 10805K, committed 11072K, reserved 1048576K
}
Event: 7.901 GC heap after
{Heap after GC invocations=27 (full 0):
 garbage-first heap   total 122880K, used 47782K [0x0000000709400000, 0x0000000800000000)
  region size 2048K, 3 young (6144K), 3 survivors (6144K)
 Metaspace       used 73975K, committed 74560K, reserved 1114112K
  class space    used 10805K, committed 11072K, reserved 1048576K
}
Event: 12.933 GC heap before
{Heap before GC invocations=28 (full 0):
 garbage-first heap   total 122880K, used 96934K [0x0000000709400000, 0x0000000800000000)
  region size 2048K, 28 young (57344K), 3 survivors (6144K)
 Metaspace       used 80493K, committed 81152K, reserved 1179648K
  class space    used 11792K, committed 12096K, reserved 1048576K
}
Event: 12.937 GC heap after
{Heap after GC invocations=29 (full 0):
 garbage-first heap   total 122880K, used 51122K [0x0000000709400000, 0x0000000800000000)
  region size 2048K, 4 young (8192K), 4 survivors (8192K)
 Metaspace       used 80493K, committed 81152K, reserved 1179648K
  class space    used 11792K, committed 12096K, reserved 1048576K
}
Event: 245.570 GC heap before
{Heap before GC invocations=29 (full 0):
 garbage-first heap   total 122880K, used 96178K [0x0000000709400000, 0x0000000800000000)
  region size 2048K, 27 young (55296K), 4 survivors (8192K)
 Metaspace       used 81873K, committed 82560K, reserved 1179648K
  class space    used 11989K, committed 12288K, reserved 1048576K
}

Deoptimization events (10 events):
Event: 3.264 Thread 0x0000028e7db3cb20 DEOPT PACKING pc=0x0000028e2c235f1f sp=0x000000eb011ff410
Event: 3.264 Thread 0x0000028e7db3cb20 DEOPT UNPACKING pc=0x0000028e2bd22b43 sp=0x000000eb011fe868 mode 3
Event: 4.908 Thread 0x0000028e7d7644c0 DEOPT PACKING pc=0x0000028e2ca3f374 sp=0x000000eb7fdf7870
Event: 4.908 Thread 0x0000028e7d7644c0 DEOPT UNPACKING pc=0x0000028e2bd22b43 sp=0x000000eb7fdf6cf8 mode 0
Event: 5.693 Thread 0x0000028e7d7644c0 DEOPT PACKING pc=0x0000028e2cbaa064 sp=0x000000eb7fdfa030
Event: 5.693 Thread 0x0000028e7d7644c0 DEOPT UNPACKING pc=0x0000028e2bd22b43 sp=0x000000eb7fdf9588 mode 0
Event: 6.326 Thread 0x0000028e7d7644c0 DEOPT PACKING pc=0x0000028e2c32e1d2 sp=0x000000eb7fdfc160
Event: 6.326 Thread 0x0000028e7d7644c0 DEOPT UNPACKING pc=0x0000028e2bd22b43 sp=0x000000eb7fdfb668 mode 3
Event: 8.889 Thread 0x0000028e0418eb10 DEOPT PACKING pc=0x0000028e2cf5419c sp=0x000000eb022fa9b0
Event: 8.889 Thread 0x0000028e0418eb10 DEOPT UNPACKING pc=0x0000028e2bd22b43 sp=0x000000eb022f9e60 mode 0

Classes unloaded (0 events):
No events

Classes redefined (0 events):
No events

Internal exceptions (20 events):
Event: 6.860 Thread 0x0000028e7d7644c0 Exception <a 'java/lang/NoSuchMethodError'{0x000000070d322e08}: 'void java.lang.invoke.DelegatingMethodHandle$Holder.reinvoke_L(java.lang.Object, java.lang.Object, int)'> (0x000000070d322e08) 
thrown [s\open\src\hotspot\share\interpreter\linkResolver.cpp, line 759]
Event: 6.861 Thread 0x0000028e7d7644c0 Exception <a 'java/lang/NoSuchMethodError'{0x000000070d330c98}: 'java.lang.Object java.lang.invoke.Invokers$Holder.invokeExact_MT(java.lang.Object, java.lang.Object, java.lang.Object, java.lang.Object)'> (0x000000070d330c98) 
thrown [s\open\src\hotspot\share\interpreter\linkResolver.cpp, line 759]
Event: 6.915 Thread 0x0000028e7d7644c0 Exception <a 'java/io/FileNotFoundException'{0x0000000718bb51a0}> (0x0000000718bb51a0) 
thrown [s\open\src\hotspot\share\prims\jni.cpp, line 516]
Event: 6.915 Thread 0x0000028e7d7644c0 Exception <a 'java/io/FileNotFoundException'{0x0000000718bc04e0}> (0x0000000718bc04e0) 
thrown [s\open\src\hotspot\share\prims\jni.cpp, line 516]
Event: 7.364 Thread 0x0000028e7f3701f0 Exception <a 'java/lang/reflect/InvocationTargetException'{0x000000070dd15200}> (0x000000070dd15200) 
thrown [s\open\src\hotspot\share\runtime\reflection.cpp, line 1121]
Event: 7.695 Thread 0x0000028e7d7644c0 Exception <a 'sun/nio/fs/WindowsException'{0x000000070fc1aa50}> (0x000000070fc1aa50) 
thrown [s\open\src\hotspot\share\prims\jni.cpp, line 516]
Event: 7.757 Thread 0x0000028e7d7644c0 Exception <a 'java/lang/IncompatibleClassChangeError'{0x000000070f996350}: Found class java.lang.Object, but interface was expected> (0x000000070f996350) 
thrown [s\open\src\hotspot\share\interpreter\linkResolver.cpp, line 826]
Event: 7.859 Thread 0x0000028e7d7644c0 Exception <a 'java/lang/NoSuchMethodError'{0x000000070ee34d18}: 'java.lang.Object java.lang.invoke.DirectMethodHandle$Holder.invokeInterface(java.lang.Object, java.lang.Object, java.lang.Object, java.lang.Object)'> (0x000000070ee34d18) 
thrown [s\open\src\hotspot\share\interpreter\linkResolver.cpp, line 759]
Event: 7.880 Thread 0x0000028e0418e600 Exception <a 'java/lang/reflect/InvocationTargetException'{0x000000070ec149c0}> (0x000000070ec149c0) 
thrown [s\open\src\hotspot\share\runtime\reflection.cpp, line 1121]
Event: 7.914 Thread 0x0000028e7d7644c0 Exception <a 'java/lang/NoSuchMethodError'{0x0000000718a94d10}: 'void java.lang.invoke.DirectMethodHandle$Holder.invokeVirtual(java.lang.Object, java.lang.Object, long)'> (0x0000000718a94d10) 
thrown [s\open\src\hotspot\share\interpreter\linkResolver.cpp, line 759]
Event: 8.057 Thread 0x0000028e7d7644c0 Exception <a 'java/lang/IncompatibleClassChangeError'{0x0000000718133d58}: Found class java.lang.Object, but interface was expected> (0x0000000718133d58) 
thrown [s\open\src\hotspot\share\interpreter\linkResolver.cpp, line 826]
Event: 8.266 Thread 0x0000028e7d7644c0 Exception <a 'java/lang/NoSuchMethodError'{0x000000070f7fe650}: 'java.lang.Object java.lang.invoke.DirectMethodHandle$Holder.newInvokeSpecial(java.lang.Object, java.lang.Object, int, java.lang.Object, java.lang.Object)'> (0x000000070f7fe650) 
thrown [s\open\src\hotspot\share\interpreter\linkResolver.cpp, line 759]
Event: 8.444 Thread 0x0000028e0418eb10 Exception <a 'java/lang/NoSuchMethodError'{0x000000070f176f58}: 'java.lang.Object java.lang.invoke.DirectMethodHandle$Holder.invokeSpecial(java.lang.Object, java.lang.Object, java.lang.Object, java.lang.Object, java.lang.Object, long)'> (0x000000070f176f58) 
thrown [s\open\src\hotspot\share\interpreter\linkResolver.cpp, line 759]
Event: 8.444 Thread 0x0000028e0418eb10 Exception <a 'java/lang/NoSuchMethodError'{0x000000070f17a998}: 'java.lang.Object java.lang.invoke.Invokers$Holder.linkToTargetMethod(java.lang.Object, java.lang.Object, java.lang.Object, long, java.lang.Object)'> (0x000000070f17a998) 
thrown [s\open\src\hotspot\share\interpreter\linkResolver.cpp, line 759]
Event: 8.601 Thread 0x0000028e0418eb10 Exception <a 'java/lang/IncompatibleClassChangeError'{0x000000070e225b58}: Found class java.lang.Object, but interface was expected> (0x000000070e225b58) 
thrown [s\open\src\hotspot\share\interpreter\linkResolver.cpp, line 826]
Event: 8.601 Thread 0x0000028e04192ce0 Exception <a 'java/lang/IncompatibleClassChangeError'{0x000000070e207698}: Found class java.lang.Object, but interface was expected> (0x000000070e207698) 
thrown [s\open\src\hotspot\share\interpreter\linkResolver.cpp, line 826]
Event: 8.705 Thread 0x0000028e04192ce0 Exception <a 'java/lang/IncompatibleClassChangeError'{0x000000070dfd3020}: Found class java.lang.Object, but interface was expected> (0x000000070dfd3020) 
thrown [s\open\src\hotspot\share\interpreter\linkResolver.cpp, line 826]
Event: 8.727 Thread 0x0000028e0418eb10 Exception <a 'java/lang/NoSuchMethodError'{0x000000070dd45b68}: 'void java.lang.invoke.DirectMethodHandle$Holder.invokeSpecialIFC(java.lang.Object, java.lang.Object, int, java.lang.Object, java.lang.Object, java.lang.Object, java.lang.Object)'> (0x000000070dd45b68) 
thrown [s\open\src\hotspot\share\interpreter\linkResolver.cpp, line 759]
Event: 8.778 Thread 0x0000028e0418eb10 Exception <a 'java/lang/NoSuchMethodError'{0x000000070dbcc1d0}: 'java.lang.Object java.lang.invoke.DirectMethodHandle$Holder.newInvokeSpecial(java.lang.Object, long)'> (0x000000070dbcc1d0) 
thrown [s\open\src\hotspot\share\interpreter\linkResolver.cpp, line 759]
Event: 52.218 Thread 0x0000028e0418dbe0 Exception <a 'java/lang/NoSuchMethodError'{0x000000070fc8e508}: 'int java.lang.invoke.DirectMethodHandle$Holder.invokeStatic(java.lang.Object, java.lang.Object, int, int)'> (0x000000070fc8e508) 
thrown [s\open\src\hotspot\share\interpreter\linkResolver.cpp, line 759]

VM Operations (20 events):
Event: 52.233 Executing VM operation: HandshakeAllThreads done
Event: 53.241 Executing VM operation: Cleanup
Event: 53.241 Executing VM operation: Cleanup done
Event: 60.158 Executing VM operation: HandshakeAllThreads
Event: 60.158 Executing VM operation: HandshakeAllThreads done
Event: 62.183 Executing VM operation: Cleanup
Event: 62.183 Executing VM operation: Cleanup done
Event: 70.243 Executing VM operation: Cleanup
Event: 70.243 Executing VM operation: Cleanup done
Event: 120.221 Executing VM operation: HandshakeAllThreads
Event: 120.221 Executing VM operation: HandshakeAllThreads done
Event: 174.688 Executing VM operation: Cleanup
Event: 174.688 Executing VM operation: Cleanup done
Event: 204.960 Executing VM operation: Cleanup
Event: 204.960 Executing VM operation: Cleanup done
Event: 206.976 Executing VM operation: Cleanup
Event: 206.976 Executing VM operation: Cleanup done
Event: 207.977 Executing VM operation: Cleanup
Event: 207.977 Executing VM operation: Cleanup done
Event: 245.570 Executing VM operation: G1CollectForAllocation

Events (20 events):
Event: 52.222 loading class sun/util/calendar/ImmutableGregorianDate done
Event: 52.238 Thread 0x0000028e7dbfed20 Thread added: 0x0000028e7dbfed20
Event: 52.239 Thread 0x0000028e7dc00d00 Thread added: 0x0000028e7dc00d00
Event: 53.241 Thread 0x0000028e7dc00d00 Thread exited: 0x0000028e7dc00d00
Event: 59.299 Thread 0x0000028e7dbfed20 Thread exited: 0x0000028e7dbfed20
Event: 91.176 Thread 0x0000028e7db05220 Thread exited: 0x0000028e7db05220
Event: 91.691 Thread 0x0000028e7db3acc0 Thread exited: 0x0000028e7db3acc0
Event: 92.214 Thread 0x0000028e7db3c100 Thread exited: 0x0000028e7db3c100
Event: 92.730 Thread 0x0000028e7db3a7b0 Thread exited: 0x0000028e7db3a7b0
Event: 93.260 Thread 0x0000028e7db3a2a0 Thread exited: 0x0000028e7db3a2a0
Event: 93.773 Thread 0x0000028e7db39370 Thread exited: 0x0000028e7db39370
Event: 94.282 Thread 0x0000028e7db39880 Thread exited: 0x0000028e7db39880
Event: 94.810 Thread 0x0000028e7f371630 Thread exited: 0x0000028e7f371630
Event: 95.322 Thread 0x0000028e7f371b40 Thread exited: 0x0000028e7f371b40
Event: 95.835 Thread 0x0000028e7f371120 Thread exited: 0x0000028e7f371120
Event: 96.346 Thread 0x0000028e7f372a70 Thread exited: 0x0000028e7f372a70
Event: 96.875 Thread 0x0000028e7f372560 Thread exited: 0x0000028e7f372560
Event: 97.372 Thread 0x0000028e7f3701f0 Thread exited: 0x0000028e7f3701f0
Event: 97.884 Thread 0x0000028e0418e600 Thread exited: 0x0000028e0418e600
Event: 98.406 Thread 0x0000028e0418fa40 Thread exited: 0x0000028e0418fa40


Dynamic libraries:
0x00007ff7169a0000 - 0x00007ff7169b0000 	C:\Program Files\Java\jdk-17\bin\java.exe
0x00007ffe63e70000 - 0x00007ffe64087000 	C:\WINDOWS\SYSTEM32\ntdll.dll
0x00007ffe62860000 - 0x00007ffe62924000 	C:\WINDOWS\System32\KERNEL32.DLL
0x00007ffe61550000 - 0x00007ffe6190a000 	C:\WINDOWS\System32\KERNELBASE.dll
0x00007ffe611c0000 - 0x00007ffe612d1000 	C:\WINDOWS\System32\ucrtbase.dll
0x00007ffe46220000 - 0x00007ffe46239000 	C:\Program Files\Java\jdk-17\bin\jli.dll
0x00007ffe32ed0000 - 0x00007ffe32eeb000 	C:\Program Files\Java\jdk-17\bin\VCRUNTIME140.dll
0x00007ffe627a0000 - 0x00007ffe62852000 	C:\WINDOWS\System32\ADVAPI32.dll
0x00007ffe62650000 - 0x00007ffe626f7000 	C:\WINDOWS\System32\msvcrt.dll
0x00007ffe62dd0000 - 0x00007ffe62e77000 	C:\WINDOWS\System32\sechost.dll
0x00007ffe61520000 - 0x00007ffe61548000 	C:\WINDOWS\System32\bcrypt.dll
0x00007ffe630e0000 - 0x00007ffe631f4000 	C:\WINDOWS\System32\RPCRT4.dll
0x00007ffe62e80000 - 0x00007ffe6302e000 	C:\WINDOWS\System32\USER32.dll
0x00007ffe61450000 - 0x00007ffe61476000 	C:\WINDOWS\System32\win32u.dll
0x00007ffe4e500000 - 0x00007ffe4e792000 	C:\WINDOWS\WinSxS\amd64_microsoft.windows.common-controls_6595b64144ccf1df_6.0.22621.4541_none_2710d1c57384c085\COMCTL32.dll
0x00007ffe63e00000 - 0x00007ffe63e29000 	C:\WINDOWS\System32\GDI32.dll
0x00007ffe61990000 - 0x00007ffe61aab000 	C:\WINDOWS\System32\gdi32full.dll
0x00007ffe61480000 - 0x00007ffe6151a000 	C:\WINDOWS\System32\msvcp_win.dll
0x00007ffe56a60000 - 0x00007ffe56a6a000 	C:\WINDOWS\SYSTEM32\VERSION.dll
0x00007ffe63200000 - 0x00007ffe63231000 	C:\WINDOWS\System32\IMM32.DLL
0x00007ffe59450000 - 0x00007ffe5945c000 	C:\Program Files\Java\jdk-17\bin\vcruntime140_1.dll
0x00007ffe1b400000 - 0x00007ffe1b48e000 	C:\Program Files\Java\jdk-17\bin\msvcp140.dll
0x00007ffd90c80000 - 0x00007ffd9185f000 	C:\Program Files\Java\jdk-17\bin\server\jvm.dll
0x00007ffe61b70000 - 0x00007ffe61b78000 	C:\WINDOWS\System32\PSAPI.DLL
0x00007ffe534f0000 - 0x00007ffe53524000 	C:\WINDOWS\SYSTEM32\WINMM.dll
0x00007ffe5de90000 - 0x00007ffe5de99000 	C:\WINDOWS\SYSTEM32\WSOCK32.dll
0x00007ffe63980000 - 0x00007ffe639f1000 	C:\WINDOWS\System32\WS2_32.dll
0x00007ffe601f0000 - 0x00007ffe60208000 	C:\WINDOWS\SYSTEM32\kernel.appcore.dll
0x00007ffe46160000 - 0x00007ffe4616a000 	C:\Program Files\Java\jdk-17\bin\jimage.dll
0x00007ffe5eaf0000 - 0x00007ffe5ed22000 	C:\WINDOWS\SYSTEM32\DBGHELP.DLL
0x00007ffe63a70000 - 0x00007ffe63dff000 	C:\WINDOWS\System32\combase.dll
0x00007ffe62570000 - 0x00007ffe62647000 	C:\WINDOWS\System32\OLEAUT32.dll
0x00007ffe569e0000 - 0x00007ffe56a12000 	C:\WINDOWS\SYSTEM32\dbgcore.DLL
0x00007ffe61910000 - 0x00007ffe6198b000 	C:\WINDOWS\System32\bcryptPrimitives.dll
0x00007ffe453b0000 - 0x00007ffe453be000 	C:\Program Files\Java\jdk-17\bin\instrument.dll
0x00007ffe25620000 - 0x00007ffe25645000 	C:\Program Files\Java\jdk-17\bin\java.dll
0x00007ffde9b20000 - 0x00007ffde9bf7000 	C:\Program Files\Java\jdk-17\bin\jsvml.dll
0x00007ffe61cf0000 - 0x00007ffe62568000 	C:\WINDOWS\System32\SHELL32.dll
0x00007ffe5f080000 - 0x00007ffe5f988000 	C:\WINDOWS\SYSTEM32\windows.storage.dll
0x00007ffe5ef40000 - 0x00007ffe5f07f000 	C:\WINDOWS\SYSTEM32\wintypes.dll
0x00007ffe61bf0000 - 0x00007ffe61cea000 	C:\WINDOWS\System32\SHCORE.dll
0x00007ffe62d60000 - 0x00007ffe62dbe000 	C:\WINDOWS\System32\shlwapi.dll
0x00007ffe61070000 - 0x00007ffe6109b000 	C:\WINDOWS\SYSTEM32\profapi.dll
0x00007ffe229f0000 - 0x00007ffe22a08000 	C:\Program Files\Java\jdk-17\bin\zip.dll
0x00007ffe2e820000 - 0x00007ffe2e839000 	C:\Program Files\Java\jdk-17\bin\net.dll
0x00007ffe5cc80000 - 0x00007ffe5cdb6000 	C:\WINDOWS\SYSTEM32\WINHTTP.dll
0x00007ffe60670000 - 0x00007ffe606d9000 	C:\WINDOWS\system32\mswsock.dll
0x00007ffe251a0000 - 0x00007ffe251b6000 	C:\Program Files\Java\jdk-17\bin\nio.dll
0x00007ffe22560000 - 0x00007ffe2257a000 	C:\Program Files\JetBrains\IntelliJ IDEA 2024.1.2\bin\breakgen64.dll
0x00007ffe5fc10000 - 0x00007ffe5fd12000 	C:\WINDOWS\SYSTEM32\DNSAPI.dll
0x00007ffe5fbe0000 - 0x00007ffe5fc0d000 	C:\WINDOWS\SYSTEM32\IPHLPAPI.DLL
0x00007ffe62dc0000 - 0x00007ffe62dc9000 	C:\WINDOWS\System32\NSI.dll
0x00007ffe5b920000 - 0x00007ffe5b92a000 	C:\Windows\System32\rasadhlp.dll
0x00007ffe5b2f0000 - 0x00007ffe5b373000 	C:\WINDOWS\System32\fwpuclnt.dll
0x00007ffe429e0000 - 0x00007ffe429ea000 	C:\Program Files\Java\jdk-17\bin\management.dll
0x00007ffe42810000 - 0x00007ffe4281b000 	C:\Program Files\Java\jdk-17\bin\management_ext.dll
0x00007ffe608c0000 - 0x00007ffe608db000 	C:\WINDOWS\SYSTEM32\CRYPTSP.dll
0x00007ffe60150000 - 0x00007ffe60185000 	C:\WINDOWS\system32\rsaenh.dll
0x00007ffe60760000 - 0x00007ffe60788000 	C:\WINDOWS\SYSTEM32\USERENV.dll
0x00007ffe608e0000 - 0x00007ffe608ec000 	C:\WINDOWS\SYSTEM32\CRYPTBASE.dll
0x00007ffe5ba40000 - 0x00007ffe5ba59000 	C:\WINDOWS\SYSTEM32\dhcpcsvc6.DLL
0x00007ffe5ba20000 - 0x00007ffe5ba3f000 	C:\WINDOWS\SYSTEM32\dhcpcsvc.DLL
0x00007ffe25f60000 - 0x00007ffe25f77000 	C:\WINDOWS\system32\napinsp.dll
0x00007ffe25f40000 - 0x00007ffe25f5b000 	C:\WINDOWS\system32\pnrpnsp.dll
0x00007ffe258e0000 - 0x00007ffe258f1000 	C:\WINDOWS\System32\winrnr.dll
0x00007ffe258b0000 - 0x00007ffe258d7000 	C:\WINDOWS\system32\nlansp_c.dll
0x00007ffe5b930000 - 0x00007ffe5b945000 	C:\WINDOWS\system32\wshbth.dll
0x00007ffe3dcf0000 - 0x00007ffe3dcfe000 	C:\Program Files\Java\jdk-17\bin\sunmscapi.dll
0x00007ffe612e0000 - 0x00007ffe61446000 	C:\WINDOWS\System32\CRYPT32.dll
0x00007ffe60a80000 - 0x00007ffe60aad000 	C:\WINDOWS\SYSTEM32\ncrypt.dll
0x00007ffe60a40000 - 0x00007ffe60a77000 	C:\WINDOWS\SYSTEM32\NTASN1.dll
0x00007ffe3dac0000 - 0x00007ffe3dad0000 	C:\Program Files\Java\jdk-17\bin\verify.dll
0x00007ffe22370000 - 0x00007ffe22378000 	C:\WINDOWS\system32\wshunix.dll

dbghelp: loaded successfully - version: 4.0.5 - missing functions: none
symbol engine: initialized successfully - sym options: 0x614 - pdb path: .;C:\Program Files\Java\jdk-17\bin;C:\WINDOWS\SYSTEM32;C:\WINDOWS\WinSxS\amd64_microsoft.windows.common-controls_6595b64144ccf1df_6.0.22621.4541_none_2710d1c57384c085;C:\Program Files\Java\jdk-17\bin\server;C:\Program Files\JetBrains\IntelliJ IDEA 2024.1.2\bin

VM Arguments:
jvm_args: -XX:TieredStopAtLevel=1 -Dspring.output.ansi.enabled=always -Dcom.sun.management.jmxremote -Dspring.jmx.enabled=true -Dspring.liveBeansView.mbeanDomain -Dspring.application.admin.enabled=true -Dmanagement.endpoints.jmx.exposure.include=* -javaagent:C:\Program Files\JetBrains\IntelliJ IDEA 2024.1.2\lib\idea_rt.jar=50055:C:\Program Files\JetBrains\IntelliJ IDEA 2024.1.2\bin -Dfile.encoding=UTF-8 
java_command: com.example.doantotnghiepbe.DoAnTotNghiepBeApplication
java_class_path (initial): D:\StudyClollege\DoAn\DoAnTotNghiepBE\target\classes;C:\Users\soaic\.m2\repository\org\springframework\boot\spring-boot-starter-web\3.3.4\spring-boot-starter-web-3.3.4.jar;C:\Users\soaic\.m2\repository\org\springframework\boot\spring-boot-starter\3.3.4\spring-boot-starter-3.3.4.jar;C:\Users\soaic\.m2\repository\org\springframework\boot\spring-boot-starter-logging\3.3.4\spring-boot-starter-logging-3.3.4.jar;C:\Users\soaic\.m2\repository\ch\qos\logback\logback-classic\1.5.8\logback-classic-1.5.8.jar;C:\Users\soaic\.m2\repository\ch\qos\logback\logback-core\1.5.8\logback-core-1.5.8.jar;C:\Users\soaic\.m2\repository\org\apache\logging\log4j\log4j-to-slf4j\2.23.1\log4j-to-slf4j-2.23.1.jar;C:\Users\soaic\.m2\repository\org\apache\logging\log4j\log4j-api\2.23.1\log4j-api-2.23.1.jar;C:\Users\soaic\.m2\repository\org\slf4j\jul-to-slf4j\2.0.16\jul-to-slf4j-2.0.16.jar;C:\Users\soaic\.m2\repository\jakarta\annotation\jakarta.annotation-api\2.1.1\jakarta.annotation-api-2.1.1.jar;C:\Users\soaic\.m2\repository\org\yaml\snakeyaml\2.2\snakeyaml-2.2.jar;C:\Users\soaic\.m2\repository\org\springframework\boot\spring-boot-starter-json\3.3.4\spring-boot-starter-json-3.3.4.jar;C:\Users\soaic\.m2\repository\com\fasterxml\jackson\core\jackson-databind\2.17.2\jackson-databind-2.17.2.jar;C:\Users\soaic\.m2\repository\com\fasterxml\jackson\core\jackson-annotations\2.17.2\jackson-annotations-2.17.2.jar;C:\Users\soaic\.m2\repository\com\fasterxml\jackson\core\jackson-core\2.17.2\jackson-core-2.17.2.jar;C:\Users\soaic\.m2\repository\com\fasterxml\jackson\datatype\jackson-datatype-jdk8\2.17.2\jackson-datatype-jdk8-2.17.2.jar;C:\Users\soaic\.m2\repository\com\fasterxml\jackson\datatype\jackson-datatype-jsr310\2.17.2\jackson-datatype-jsr310-2.17.2.jar;C:\Users\soaic\.m2\repository\com\fasterxml\jackson\module\jackson-module-parameter-names\2.17.2\jackson-module-parameter-names-2.17.2.jar;C:\Users\soaic\.m2\repository\org\springframework\boot\spring-boot-starter-tomcat\3.
Launcher Type: SUN_STANDARD

[Global flags]
     intx CICompilerCount                          = 12                                        {product} {ergonomic}
     uint ConcGCThreads                            = 3                                         {product} {ergonomic}
     uint G1ConcRefinementThreads                  = 13                                        {product} {ergonomic}
   size_t G1HeapRegionSize                         = 2097152                                   {product} {ergonomic}
    uintx GCDrainStackTargetSize                   = 64                                        {product} {ergonomic}
   size_t InitialHeapSize                          = 260046848                                 {product} {ergonomic}
     bool ManagementServer                         = true                                      {product} {command line}
   size_t MarkStackSize                            = 4194304                                   {product} {ergonomic}
   size_t MaxHeapSize                              = 4139778048                                {product} {ergonomic}
   size_t MaxNewSize                               = 2483027968                                {product} {ergonomic}
   size_t MinHeapDeltaBytes                        = 2097152                                   {product} {ergonomic}
   size_t MinHeapSize                              = 8388608                                   {product} {ergonomic}
    uintx NonProfiledCodeHeapSize                  = 0                                      {pd product} {ergonomic}
     bool ProfileInterpreter                       = false                                  {pd product} {command line}
    uintx ProfiledCodeHeapSize                     = 0                                      {pd product} {ergonomic}
   size_t SoftMaxHeapSize                          = 4139778048                             {manageable} {ergonomic}
     intx TieredStopAtLevel                        = 1                                         {product} {command line}
     bool UseCompressedClassPointers               = true                           {product lp64_product} {ergonomic}
     bool UseCompressedOops                        = true                           {product lp64_product} {ergonomic}
     bool UseG1GC                                  = true                                      {product} {ergonomic}
     bool UseLargePagesIndividualAllocation        = false                                  {pd product} {ergonomic}

Logging:
Log output configuration:
 #0: stdout all=warning uptime,level,tags
 #1: stderr all=off uptime,level,tags

Environment Variables:
PATH=C:\Program Files\Microsoft MPI\Bin\;C:\Program Files\Common Files\Oracle\Java\javapath;C:\Program Files (x86)\Common Files\Oracle\Java\java8path;C:\Program Files (x86)\Common Files\Oracle\Java\javapath;C:\Windows\system32;C:\Windows;C:\Windows\System32\Wbem;C:\Windows\System32\WindowsPowerShell\v1.0\;C:\Windows\System32\OpenSSH\;C:\Program Files (x86)\NVIDIA Corporation\PhysX\Common;C:\WINDOWS\system32;C:\WINDOWS;C:\WINDOWS\System32\Wbem;C:\WINDOWS\System32\WindowsPowerShell\v1.0\;C:\WINDOWS\System32\OpenSSH\;C:\Program Files\dotnet\;C:\Program Files (x86)\Microsoft SQL Server\160\Tools\Binn\;C:\Program Files\Microsoft SQL Server\160\Tools\Binn\;C:\Program Files\Microsoft SQL Server\Client SDK\ODBC\170\Tools\Binn\;C:\Program Files\Microsoft SQL Server\160\DTS\Binn\;C:\Program Files (x86)\Microsoft SQL Server\160\DTS\Binn\;C:\Program Files\Git\cmd;C:\Program Files\nodejs\;C:\Program Files\Cloudflare\Cloudflare WARP\;C:\Program Files\NVIDIA Corporation\NVIDIA app\NvDLISR;C:\Users\soaic\AppData\Local\Microsoft\WindowsApps;C:\Users\soaic\AppData\Local\Programs\Microsoft VS Code\bin;C:\Program Files\JetBrains\IntelliJ IDEA 2024.1.2\bin;;C:\Users\soaic\AppData\Local\Microsoft\WinGet\Packages\Schniz.fnm_Microsoft.Winget.Source_8wekyb3d8bbwe;C:\Users\soaic\AppData\Roaming\npm;C:\Users\soaic\AppData\Local\Muse Hub\lib
USERNAME=soaic
OS=Windows_NT
PROCESSOR_IDENTIFIER=AMD64 Family 23 Model 96 Stepping 1, AuthenticAMD



---------------  S Y S T E M  ---------------

OS:
 Windows 11 , 64 bit Build 22621 (10.0.22621.4391)
OS uptime: 0 days 6:46 hours

CPU: total 16 (initial active 16) (16 cores per cpu, 2 threads per core) family 23 model 96 stepping 1 microcode 0x0, cx8, cmov, fxsr, ht, mmx, 3dnowpref, sse, sse2, sse3, ssse3, sse4a, sse4.1, sse4.2, popcnt, lzcnt, tsc, tscinvbit, avx, avx2, aes, clmul, bmi1, bmi2, adx, sha, fma, vzeroupper, clflush, clflushopt

Memory: 4k page, system-wide physical 15790M (3054M free)
TotalPageFile size 43950M (AvailPageFile size 23572M)
current process WorkingSet (physical memory assigned to process): 298M, peak: 298M
current process commit charge ("private bytes"): 353M, peak: 387M

vm_info: Java HotSpot(TM) 64-Bit Server VM (17.0.10+11-LTS-240) for windows-amd64 JRE (17.0.10+11-LTS-240), built on Dec 19 2023 21:47:25 by "mach5one" with MS VC++ 17.1 (VS2022)

END.
