#
# A fatal error has been detected by the Java Runtime Environment:
#
#  EXCEPTION_ACCESS_VIOLATION (0xc0000005) at pc=0x00007ffe566c1421, pid=19188, tid=5356
#
# JRE version: Java(TM) SE Runtime Environment (17.0.10+11) (build 17.0.10+11-LTS-240)
# Java VM: Java HotSpot(TM) 64-Bit Server VM (17.0.10+11-LTS-240, mixed mode, emulated-client, sharing, tiered, compressed oops, compressed class ptrs, g1 gc, windows-amd64)
# Problematic frame:
# C  [VCRUNTIME140.dll+0x1421]
#
# No core dump will be written. Minidumps are not enabled by default on client versions of Windows
#
# If you would like to submit a bug report, please visit:
#   https://bugreport.java.com/bugreport/crash.jsp
#

---------------  S U M M A R Y ------------

Command Line: -XX:TieredStopAtLevel=1 -Dspring.output.ansi.enabled=always -Dcom.sun.management.jmxremote -Dspring.jmx.enabled=true -Dspring.liveBeansView.mbeanDomain -Dspring.application.admin.enabled=true -Dmanagement.endpoints.jmx.exposure.include=* -javaagent:C:\Program Files\JetBrains\IntelliJ IDEA 2024.1.2\lib\idea_rt.jar=55873:C:\Program Files\JetBrains\IntelliJ IDEA 2024.1.2\bin -Dfile.encoding=UTF-8 com.example.doantotnghiepbe.DoAnTotNghiepBeApplication

Host: AMD Ryzen 7 4800H with Radeon Graphics         , 16 cores, 15G,  Windows 11 , 64 bit Build 22621 (10.0.22621.4391)
Time: Tue Dec 17 23:10:06 2024 SE Asia Standard Time elapsed time: 3880.772037 seconds (0d 1h 4m 40s)

---------------  T H R E A D  ---------------

Current thread (0x000001c2cc776de0):  GCTaskThread "GC Thread#9" [stack: 0x000000743d400000,0x000000743d500000] [id=5356]

Stack: [0x000000743d400000,0x000000743d500000],  sp=0x000000743d4ff968,  free space=1022k
Native frames: (J=compiled Java code, j=interpreted, Vv=VM code, C=native code)
C  [VCRUNTIME140.dll+0x1421]
V  [jvm.dll+0x2f34d3]
V  [jvm.dll+0x2f3883]
V  [jvm.dll+0x8067ab]
V  [jvm.dll+0x8067f6]
V  [jvm.dll+0x78888a]
V  [jvm.dll+0x676935]
C  [ucrtbase.dll+0x29333]
C  [KERNEL32.DLL+0x1259d]
C  [ntdll.dll+0x5af38]


siginfo: EXCEPTION_ACCESS_VIOLATION (0xc0000005), writing address 0x00000004821d6108


Registers:
RAX=0x00000004821d6108, RBX=0x00000004821d6108, RCX=0x00000004821d6108, RDX=0x0000000709dc7498
RSP=0x000000743d4ff968, RBP=0x000001c2ebe90490, RSI=0x0000000000000020, RDI=0x0000000709dc7498
R8 =0x0000000000000020, R9 =0x000001c287947238, R10=0x00007ffe566c0000, R11=0x0000000709400000
R12=0x0000000000000000, R13=0x0000000000000000, R14=0x000001c2ebc9f600, R15=0x0000000709dffcb0
RIP=0x00007ffe566c1421, EFLAGS=0x0000000000010246


Register to memory mapping:

RIP=0x00007ffe566c1421 VCRUNTIME140.dll
RAX=0x00000004821d6108 is an unknown value
RBX=0x00000004821d6108 is an unknown value
RCX=0x00000004821d6108 is an unknown value
RDX=0x0000000709dc7498 is an oop: org.antlr.v4.runtime.atn.SingletonPredictionContext 
{0x0000000709dc7498} - klass: 'org/antlr/v4/runtime/atn/SingletonPredictionContext'
 - ---- fields (total size 4 words):
 - public final 'id' 'I' @12  55835 (da1b)
 - public final 'cachedHashCode' 'I' @16  978850318 (3a58120e)
 - public final 'returnState' 'I' @20  2139 (85b)
 - public final 'parent' 'Lorg/antlr/v4/runtime/atn/PredictionContext;' @24  
[error occurred during error reporting (printing register info), id 0xc0000005, EXCEPTION_ACCESS_VIOLATION (0xc0000005) at pc=0x00007ffd9100f04e]

Top of Stack: (sp=0x000000743d4ff968)
0x000000743d4ff968:   00007ffd90f734d3 000000743b5fed60
0x000000743d4ff978:   00007ffd91416fe7 00000051ff985a83
0x000000743d4ff988:   00007ffd90f7658b 0000000000000000
0x000000743d4ff998:   000001c2cc776de0 0000000000000000
0x000000743d4ff9a8:   00007ffd90f73883 0000000000000003
0x000000743d4ff9b8:   000000743b5fed60 000001c2ce6da280
0x000000743d4ff9c8:   0000000000000000 0000000000000048
0x000000743d4ff9d8:   0000000000000001 00000009091d1645
0x000000743d4ff9e8:   0000000000000000 00000009091d1645
0x000000743d4ff9f8:   0000000000000000 0000000000000000
0x000000743d4ffa08:   0000000000000000 0000000000000000
0x000000743d4ffa18:   000001c2ce378880 000001c2cc776de0
0x000000743d4ffa28:   000001c2ebe8f2d0 000000743b5fed60
0x000000743d4ffa38:   00007ffd914867ab 0000000000000004
0x000000743d4ffa48:   0000000000000000 000001c2cc776de0
0x000000743d4ffa58:   000000743b5fed60 00000000000075a3 

Instructions: (pc=0x00007ffe566c1421)
0x00007ffe566c1321:   8b 02 8b 4a 08 44 0f b7 4a 0c 44 0f b6 52 0e 4c
0x00007ffe566c1331:   89 00 89 48 08 66 44 89 48 0c 44 88 50 0e c3 4c
0x00007ffe566c1341:   8b 02 0f b7 4a 08 44 0f b6 4a 0a 4c 89 00 66 89
0x00007ffe566c1351:   48 08 44 88 48 0a c3 0f b7 0a 66 89 08 c3 90 8b
0x00007ffe566c1361:   0a 44 0f b7 42 04 44 0f b6 4a 06 89 08 66 44 89
0x00007ffe566c1371:   40 04 44 88 48 06 c3 4c 8b 02 8b 4a 08 44 0f b7
0x00007ffe566c1381:   4a 0c 4c 89 00 89 48 08 66 44 89 48 0c c3 0f b7
0x00007ffe566c1391:   0a 44 0f b6 42 02 66 89 08 44 88 40 02 c3 90 4c
0x00007ffe566c13a1:   8b 02 8b 4a 08 44 0f b6 4a 0c 4c 89 00 89 48 08
0x00007ffe566c13b1:   44 88 48 0c c3 4c 8b 02 0f b7 4a 08 4c 89 00 66
0x00007ffe566c13c1:   89 48 08 c3 4c 8b 02 0f b6 4a 08 4c 89 00 88 48
0x00007ffe566c13d1:   08 c3 4c 8b 02 8b 4a 08 4c 89 00 89 48 08 c3 8b
0x00007ffe566c13e1:   0a 44 0f b7 42 04 89 08 66 44 89 40 04 c3 8b 0a
0x00007ffe566c13f1:   44 0f b6 42 04 89 08 44 88 40 04 c3 48 8b 0a 48
0x00007ffe566c1401:   89 08 c3 0f b6 0a 88 08 c3 8b 0a 89 08 c3 90 49
0x00007ffe566c1411:   83 f8 20 77 17 f3 0f 6f 0a f3 42 0f 6f 54 02 f0
0x00007ffe566c1421:   f3 0f 7f 09 f3 42 0f 7f 54 01 f0 c3 48 3b d1 73
0x00007ffe566c1431:   0e 4e 8d 0c 02 49 3b c9 0f 82 41 04 00 00 90 83
0x00007ffe566c1441:   3d d1 4b 01 00 03 0f 82 e3 02 00 00 49 81 f8 00
0x00007ffe566c1451:   20 00 00 76 16 49 81 f8 00 00 18 00 77 0d f6 05
0x00007ffe566c1461:   56 4f 01 00 02 0f 85 64 fe ff ff c5 fe 6f 02 c4
0x00007ffe566c1471:   a1 7e 6f 6c 02 e0 49 81 f8 00 01 00 00 0f 86 c4
0x00007ffe566c1481:   00 00 00 4c 8b c9 49 83 e1 1f 49 83 e9 20 49 2b
0x00007ffe566c1491:   c9 49 2b d1 4d 03 c1 49 81 f8 00 01 00 00 0f 86
0x00007ffe566c14a1:   a3 00 00 00 49 81 f8 00 00 18 00 0f 87 3e 01 00
0x00007ffe566c14b1:   00 66 66 66 66 66 66 0f 1f 84 00 00 00 00 00 c5
0x00007ffe566c14c1:   fe 6f 0a c5 fe 6f 52 20 c5 fe 6f 5a 40 c5 fe 6f
0x00007ffe566c14d1:   62 60 c5 fd 7f 09 c5 fd 7f 51 20 c5 fd 7f 59 40
0x00007ffe566c14e1:   c5 fd 7f 61 60 c5 fe 6f 8a 80 00 00 00 c5 fe 6f
0x00007ffe566c14f1:   92 a0 00 00 00 c5 fe 6f 9a c0 00 00 00 c5 fe 6f
0x00007ffe566c1501:   a2 e0 00 00 00 c5 fd 7f 89 80 00 00 00 c5 fd 7f
0x00007ffe566c1511:   91 a0 00 00 00 c5 fd 7f 99 c0 00 00 00 c5 fd 7f 


Stack slot to memory mapping:
stack at sp + 0 slots: 0x00007ffd90f734d3 jvm.dll
stack at sp + 1 slots: 0x000000743b5fed60 points into unknown readable memory: 0x00007ffd9157b0a0 | a0 b0 57 91 fd 7f 00 00
stack at sp + 2 slots: 0x00007ffd91416fe7 jvm.dll
stack at sp + 3 slots: 0x00000051ff985a83 is an unknown value
stack at sp + 4 slots: 0x00007ffd90f7658b jvm.dll
stack at sp + 5 slots: 0x0 is NULL
stack at sp + 6 slots: 0x000001c2cc776de0 points into unknown readable memory: 0x00007ffd9160c720 | 20 c7 60 91 fd 7f 00 00
stack at sp + 7 slots: 0x0 is NULL


---------------  P R O C E S S  ---------------

Threads class SMR info:
_java_thread_list=0x000001c2ce64a920, length=18, elements={
0x000001c2cb002550, 0x000001c2cb0031d0, 0x000001c2cb012c60, 0x000001c2cb0137f0,
0x000001c2cb0150d0, 0x000001c2cb0159a0, 0x000001c2cb01a330, 0x000001c2cb01d990,
0x000001c2cb107950, 0x000001c2cb107e60, 0x000001c2cb106a20, 0x000001c2cb107440,
0x000001c2cb1055e0, 0x000001c2cd75e8f0, 0x000001c2ce1e93e0, 0x000001c2ce255080,
0x000001c2ce25a180, 0x000001c2ce1e98f0
}

Java Threads: ( => current thread )
  0x000001c2cb002550 JavaThread "Reference Handler" daemon [_thread_blocked, id=2928, stack(0x000000743b600000,0x000000743b700000)]
  0x000001c2cb0031d0 JavaThread "Finalizer" daemon [_thread_blocked, id=10640, stack(0x000000743b700000,0x000000743b800000)]
  0x000001c2cb012c60 JavaThread "Signal Dispatcher" daemon [_thread_blocked, id=30908, stack(0x000000743b800000,0x000000743b900000)]
  0x000001c2cb0137f0 JavaThread "Attach Listener" daemon [_thread_blocked, id=18396, stack(0x000000743b900000,0x000000743ba00000)]
  0x000001c2cb0150d0 JavaThread "Service Thread" daemon [_thread_blocked, id=29660, stack(0x000000743ba00000,0x000000743bb00000)]
  0x000001c2cb0159a0 JavaThread "Monitor Deflation Thread" daemon [_thread_blocked, id=25112, stack(0x000000743bb00000,0x000000743bc00000)]
  0x000001c2cb01a330 JavaThread "C1 CompilerThread0" daemon [_thread_blocked, id=29552, stack(0x000000743bc00000,0x000000743bd00000)]
  0x000001c2cb01d990 JavaThread "Sweeper thread" daemon [_thread_blocked, id=23576, stack(0x000000743bd00000,0x000000743be00000)]
  0x000001c2cb107950 JavaThread "Common-Cleaner" daemon [_thread_blocked, id=13220, stack(0x000000743be00000,0x000000743bf00000)]
  0x000001c2cb107e60 JavaThread "Monitor Ctrl-Break" daemon [_thread_in_native, id=22800, stack(0x000000743c200000,0x000000743c300000)]
  0x000001c2cb106a20 JavaThread "Notification Thread" daemon [_thread_blocked, id=15588, stack(0x000000743c300000,0x000000743c400000)]
  0x000001c2cb107440 JavaThread "RMI TCP Accept-0" daemon [_thread_in_native, id=9524, stack(0x000000743c400000,0x000000743c500000)]
  0x000001c2cb1055e0 JavaThread "RMI Scheduler(0)" daemon [_thread_blocked, id=1340, stack(0x000000743d200000,0x000000743d300000)]
  0x000001c2cd75e8f0 JavaThread "Live Reload Server" daemon [_thread_in_native, id=16116, stack(0x000000743e300000,0x000000743e400000)]
  0x000001c2ce1e93e0 JavaThread "DestroyJavaVM" [_thread_blocked, id=9576, stack(0x000000743af00000,0x000000743b000000)]
  0x000001c2ce255080 JavaThread "File Watcher" daemon [_thread_blocked, id=14124, stack(0x000000743ad00000,0x000000743ae00000)]
  0x000001c2ce25a180 JavaThread "http-nio-8080-exec-6" daemon [_thread_in_native, id=5516, stack(0x000000743e200000,0x000000743e300000)]
  0x000001c2ce1e98f0 JavaThread "Thread-7" [_thread_blocked, id=25440, stack(0x000000743ac00000,0x000000743ad00000)]

Other Threads:
  0x000001c2ff275500 VMThread "VM Thread" [stack: 0x000000743b500000,0x000000743b600000] [id=13432]
  0x000001c2ebe272f0 WatcherThread [stack: 0x000000743c500000,0x000000743c600000] [id=27704]
  0x000001c2ebe8ff30 GCTaskThread "GC Thread#0" [stack: 0x000000743b000000,0x000000743b100000] [id=16772]
  0x000001c2cbb029a0 GCTaskThread "GC Thread#1" [stack: 0x000000743c600000,0x000000743c700000] [id=12960]
  0x000001c2cbb02c60 GCTaskThread "GC Thread#2" [stack: 0x000000743c700000,0x000000743c800000] [id=20404]
  0x000001c2cbb18420 GCTaskThread "GC Thread#3" [stack: 0x000000743c800000,0x000000743c900000] [id=8340]
  0x000001c2cbb186e0 GCTaskThread "GC Thread#4" [stack: 0x000000743c900000,0x000000743ca00000] [id=16756]
  0x000001c2cbb4fd40 GCTaskThread "GC Thread#5" [stack: 0x000000743ca00000,0x000000743cb00000] [id=2432]
  0x000001c2cbb50000 GCTaskThread "GC Thread#6" [stack: 0x000000743cb00000,0x000000743cc00000] [id=14860]
  0x000001c2cc174ea0 GCTaskThread "GC Thread#7" [stack: 0x000000743ce00000,0x000000743cf00000] [id=30936]
  0x000001c2cc175160 GCTaskThread "GC Thread#8" [stack: 0x000000743cf00000,0x000000743d000000] [id=348]
=>0x000001c2cc776de0 GCTaskThread "GC Thread#9" [stack: 0x000000743d400000,0x000000743d500000] [id=5356]
  0x000001c2cc79ae40 GCTaskThread "GC Thread#10" [stack: 0x000000743d500000,0x000000743d600000] [id=18196]
  0x000001c2cc7adf50 GCTaskThread "GC Thread#11" [stack: 0x000000743d600000,0x000000743d700000] [id=28828]
  0x000001c2cc4f7b70 GCTaskThread "GC Thread#12" [stack: 0x000000743d700000,0x000000743d800000] [id=25728]
  0x000001c2ebea1450 ConcurrentGCThread "G1 Main Marker" [stack: 0x000000743b100000,0x000000743b200000] [id=26780]
  0x000001c2ebea1d60 ConcurrentGCThread "G1 Conc#0" [stack: 0x000000743b200000,0x000000743b300000] [id=22368]
  0x000001c2cc520800 ConcurrentGCThread "G1 Conc#1" [stack: 0x000000743d800000,0x000000743d900000] [id=16904]
  0x000001c2cc774a70 ConcurrentGCThread "G1 Conc#2" [stack: 0x000000743d900000,0x000000743da00000] [id=13480]
  0x000001c2ff1318f0 ConcurrentGCThread "G1 Refine#0" [stack: 0x000000743b300000,0x000000743b400000] [id=29516]
  0x000001c2ff132220 ConcurrentGCThread "G1 Service" [stack: 0x000000743b400000,0x000000743b500000] [id=11492]

Threads with active compile tasks:

VM state: at safepoint (normal execution)

VM Mutex/Monitor currently owned by a thread:  ([mutex/lock_event])
[0x000001c2ebe210b0] Threads_lock - owner thread: 0x000001c2ff275500
[0x000001c2ebe22100] Heap_lock - owner thread: 0x000001c2ce1e98f0

Heap address: 0x0000000709400000, size: 3948 MB, Compressed Oops mode: Zero based, Oop shift amount: 3

CDS archive(s) mapped at: [0x000001c286000000-0x000001c286bd0000-0x000001c286bd0000), size 12386304, SharedBaseAddress: 0x000001c286000000, ArchiveRelocationMode: 1.
Compressed class space mapped at: 0x000001c287000000-0x000001c2c7000000, reserved size: 1073741824
Narrow klass base: 0x000001c286000000, Narrow klass shift: 0, Narrow klass range: 0x100000000

GC Precious Log:
 CPUs: 16 total, 16 available
 Memory: 15790M
 Large Page Support: Disabled
 NUMA Support: Disabled
 Compressed Oops: Enabled (Zero based)
 Heap Region Size: 2M
 Heap Min Capacity: 8M
 Heap Initial Capacity: 248M
 Heap Max Capacity: 3948M
 Pre-touch: Disabled
 Parallel Workers: 13
 Concurrent Workers: 3
 Concurrent Refinement Workers: 13
 Periodic GC: Disabled

Heap:
 garbage-first heap   total 163840K, used 126429K [0x0000000709400000, 0x0000000800000000)
  region size 2048K, 32 young (65536K), 4 survivors (8192K)
 Metaspace       used 92341K, committed 93568K, reserved 1179648K
  class space    used 13410K, committed 13952K, reserved 1048576K

Heap Regions: E=young(eden), S=young(survivor), O=old, HS=humongous(starts), HC=humongous(continues), CS=collection set, F=free, OA=open archive, CA=closed archive, TAMS=top-at-mark-start (previous, next)
|   0|0x0000000709400000, 0x0000000709600000, 0x0000000709600000|100%| O|  |TAMS 0x0000000709600000, 0x0000000709400000| Untracked 
|   1|0x0000000709600000, 0x00000007097ffff8, 0x0000000709800000| 99%| O|  |TAMS 0x00000007097ffff8, 0x0000000709600000| Untracked 
|   2|0x0000000709800000, 0x00000007099fffe8, 0x0000000709a00000| 99%| O|  |TAMS 0x00000007099fffe8, 0x0000000709800000| Untracked 
|   3|0x0000000709a00000, 0x0000000709c00000, 0x0000000709c00000|100%| O|  |TAMS 0x0000000709c00000, 0x0000000709a00000| Untracked 
|   4|0x0000000709c00000, 0x0000000709dffcb0, 0x0000000709e00000| 99%| O|  |TAMS 0x0000000709c00000, 0x0000000709c00000| Untracked 
|   5|0x0000000709e00000, 0x000000070a000000, 0x000000070a000000|100%| O|  |TAMS 0x0000000709e00000, 0x0000000709e00000| Untracked 
|   6|0x000000070a000000, 0x000000070a1fe7a8, 0x000000070a200000| 99%| O|  |TAMS 0x000000070a000000, 0x000000070a000000| Untracked 
|   7|0x000000070a200000, 0x000000070a3ffff8, 0x000000070a400000| 99%| O|  |TAMS 0x000000070a200000, 0x000000070a200000| Untracked 
|   8|0x000000070a400000, 0x000000070a5fff90, 0x000000070a600000| 99%| O|  |TAMS 0x000000070a400000, 0x000000070a400000| Untracked 
|   9|0x000000070a600000, 0x000000070a7fffe8, 0x000000070a800000| 99%| O|  |TAMS 0x000000070a600000, 0x000000070a600000| Untracked 
|  10|0x000000070a800000, 0x000000070a9fff98, 0x000000070aa00000| 99%| O|  |TAMS 0x000000070a800000, 0x000000070a800000| Untracked 
|  11|0x000000070aa00000, 0x000000070ac00000, 0x000000070ac00000|100%| O|  |TAMS 0x000000070aa00000, 0x000000070aa00000| Untracked 
|  12|0x000000070ac00000, 0x000000070ae00000, 0x000000070ae00000|100%| O|  |TAMS 0x000000070ac00000, 0x000000070ac00000| Untracked 
|  13|0x000000070ae00000, 0x000000070afffff0, 0x000000070b000000| 99%| O|  |TAMS 0x000000070ae00000, 0x000000070ae00000| Untracked 
|  14|0x000000070b000000, 0x000000070b1ffff8, 0x000000070b200000| 99%| O|  |TAMS 0x000000070b000000, 0x000000070b000000| Untracked 
|  15|0x000000070b200000, 0x000000070b3ffff0, 0x000000070b400000| 99%| O|  |TAMS 0x000000070b200000, 0x000000070b200000| Untracked 
|  16|0x000000070b400000, 0x000000070b5fffe8, 0x000000070b600000| 99%| O|  |TAMS 0x000000070b400000, 0x000000070b400000| Untracked 
|  17|0x000000070b600000, 0x000000070b7f86e8, 0x000000070b800000| 98%| O|  |TAMS 0x000000070b600000, 0x000000070b600000| Untracked 
|  18|0x000000070b800000, 0x000000070b9fffe8, 0x000000070ba00000| 99%| O|  |TAMS 0x000000070b800000, 0x000000070b800000| Untracked 
|  19|0x000000070ba00000, 0x000000070ba7a410, 0x000000070bc00000| 23%| O|  |TAMS 0x000000070ba00000, 0x000000070ba00000| Untracked 
|  20|0x000000070bc00000, 0x000000070bdffff8, 0x000000070be00000| 99%| O|  |TAMS 0x000000070bc00000, 0x000000070bc00000| Untracked 
|  21|0x000000070be00000, 0x000000070c000000, 0x000000070c000000|100%| O|  |TAMS 0x000000070be00000, 0x000000070be00000| Untracked 
|  22|0x000000070c000000, 0x000000070c0d2410, 0x000000070c200000| 41%| O|  |TAMS 0x000000070c000000, 0x000000070c000000| Untracked 
|  23|0x000000070c200000, 0x000000070c200000, 0x000000070c400000|  0%| O|  |TAMS 0x000000070c200000, 0x000000070c200000| Untracked 
|  24|0x000000070c400000, 0x000000070c400000, 0x000000070c600000|  0%| O|  |TAMS 0x000000070c400000, 0x000000070c400000| Untracked 
|  25|0x000000070c600000, 0x000000070c6a5688, 0x000000070c800000| 32%| O|  |TAMS 0x000000070c600000, 0x000000070c600000| Untracked 
|  26|0x000000070c800000, 0x000000070c800000, 0x000000070ca00000|  0%| O|  |TAMS 0x000000070c800000, 0x000000070c800000| Untracked 
|  27|0x000000070ca00000, 0x000000070cab7a40, 0x000000070cc00000| 35%| O|  |TAMS 0x000000070ca00000, 0x000000070ca00000| Untracked 
|  28|0x000000070cc00000, 0x000000070cc00000, 0x000000070ce00000|  0%| O|  |TAMS 0x000000070cc00000, 0x000000070cc00000| Untracked 
|  29|0x000000070ce00000, 0x000000070cf94608, 0x000000070d000000| 78%| O|  |TAMS 0x000000070ce00000, 0x000000070ce00000| Untracked 
|  30|0x000000070d000000, 0x000000070d000000, 0x000000070d200000|  0%| O|  |TAMS 0x000000070d000000, 0x000000070d000000| Untracked 
|  31|0x000000070d200000, 0x000000070d400000, 0x000000070d400000|100%| O|  |TAMS 0x000000070d200000, 0x000000070d200000| Untracked 
|  32|0x000000070d400000, 0x000000070d400000, 0x000000070d600000|  0%| O|  |TAMS 0x000000070d400000, 0x000000070d400000| Untracked 
|  33|0x000000070d600000, 0x000000070d600000, 0x000000070d800000|  0%| O|  |TAMS 0x000000070d600000, 0x000000070d600000| Untracked 
|  34|0x000000070d800000, 0x000000070d800000, 0x000000070da00000|  0%| F|  |TAMS 0x000000070d800000, 0x000000070d800000| Untracked 
|  35|0x000000070da00000, 0x000000070da00000, 0x000000070dc00000|  0%| F|  |TAMS 0x000000070da00000, 0x000000070da00000| Untracked 
|  36|0x000000070dc00000, 0x000000070dc00000, 0x000000070de00000|  0%| F|  |TAMS 0x000000070dc00000, 0x000000070dc00000| Untracked 
|  37|0x000000070de00000, 0x000000070de00000, 0x000000070e000000|  0%| F|  |TAMS 0x000000070de00000, 0x000000070de00000| Untracked 
|  38|0x000000070e000000, 0x000000070e000000, 0x000000070e200000|  0%| F|  |TAMS 0x000000070e000000, 0x000000070e000000| Untracked 
|  39|0x000000070e200000, 0x000000070e200000, 0x000000070e400000|  0%| F|  |TAMS 0x000000070e200000, 0x000000070e200000| Untracked 
|  40|0x000000070e400000, 0x000000070e400000, 0x000000070e600000|  0%| F|  |TAMS 0x000000070e400000, 0x000000070e400000| Untracked 
|  41|0x000000070e600000, 0x000000070e600000, 0x000000070e800000|  0%| F|  |TAMS 0x000000070e600000, 0x000000070e600000| Untracked 
|  42|0x000000070e800000, 0x000000070e800000, 0x000000070ea00000|  0%| F|  |TAMS 0x000000070e800000, 0x000000070e800000| Untracked 
|  43|0x000000070ea00000, 0x000000070ea00000, 0x000000070ec00000|  0%| F|  |TAMS 0x000000070ea00000, 0x000000070ea00000| Untracked 
|  44|0x000000070ec00000, 0x000000070ec00000, 0x000000070ee00000|  0%| S|  |TAMS 0x000000070ec00000, 0x000000070ec00000| Untracked 
|  45|0x000000070ee00000, 0x000000070ee00000, 0x000000070f000000|  0%| S|  |TAMS 0x000000070ee00000, 0x000000070ee00000| Untracked 
|  46|0x000000070f000000, 0x000000070f000000, 0x000000070f200000|  0%| S|  |TAMS 0x000000070f000000, 0x000000070f000000| Untracked 
|  47|0x000000070f200000, 0x000000070f200000, 0x000000070f400000|  0%| F|  |TAMS 0x000000070f200000, 0x000000070f200000| Untracked 
|  48|0x000000070f400000, 0x000000070f400000, 0x000000070f600000|  0%| F|  |TAMS 0x000000070f400000, 0x000000070f400000| Untracked 
|  49|0x000000070f600000, 0x000000070f600000, 0x000000070f800000|  0%| S|  |TAMS 0x000000070f600000, 0x000000070f600000| Untracked 
|  50|0x000000070f800000, 0x000000070f800000, 0x000000070fa00000|  0%| F|  |TAMS 0x000000070f800000, 0x000000070f800000| Untracked 
|  51|0x000000070fa00000, 0x000000070fa00000, 0x000000070fc00000|  0%| F|  |TAMS 0x000000070fa00000, 0x000000070fa00000| Untracked 
|  52|0x000000070fc00000, 0x000000070fc00000, 0x000000070fe00000|  0%| E|  |TAMS 0x000000070fc00000, 0x000000070fc00000| Untracked 
|  53|0x000000070fe00000, 0x000000070fe00000, 0x0000000710000000|  0%| E|  |TAMS 0x000000070fe00000, 0x000000070fe00000| Untracked 
|  54|0x0000000710000000, 0x0000000710000000, 0x0000000710200000|  0%| E|  |TAMS 0x0000000710000000, 0x0000000710000000| Untracked 
|  55|0x0000000710200000, 0x0000000710200000, 0x0000000710400000|  0%| E|  |TAMS 0x0000000710200000, 0x0000000710200000| Untracked 
|  56|0x0000000710400000, 0x0000000710400000, 0x0000000710600000|  0%| E|  |TAMS 0x0000000710400000, 0x0000000710400000| Untracked 
|  57|0x0000000710600000, 0x0000000710600000, 0x0000000710800000|  0%| E|  |TAMS 0x0000000710600000, 0x0000000710600000| Untracked 
|  58|0x0000000710800000, 0x0000000710800000, 0x0000000710a00000|  0%| E|  |TAMS 0x0000000710800000, 0x0000000710800000| Untracked 
|  59|0x0000000710a00000, 0x0000000710a00000, 0x0000000710c00000|  0%| E|  |TAMS 0x0000000710a00000, 0x0000000710a00000| Untracked 
|  60|0x0000000710c00000, 0x0000000710c00000, 0x0000000710e00000|  0%| E|  |TAMS 0x0000000710c00000, 0x0000000710c00000| Untracked 
|  61|0x0000000710e00000, 0x0000000710e00000, 0x0000000711000000|  0%| E|  |TAMS 0x0000000710e00000, 0x0000000710e00000| Untracked 
|  62|0x0000000711000000, 0x0000000711000000, 0x0000000711200000|  0%| E|  |TAMS 0x0000000711000000, 0x0000000711000000| Untracked 
|  63|0x0000000711200000, 0x0000000711200000, 0x0000000711400000|  0%| E|  |TAMS 0x0000000711200000, 0x0000000711200000| Untracked 
|  64|0x0000000711400000, 0x0000000711400000, 0x0000000711600000|  0%| E|  |TAMS 0x0000000711400000, 0x0000000711400000| Untracked 
|  65|0x0000000711600000, 0x0000000711600000, 0x0000000711800000|  0%| E|  |TAMS 0x0000000711600000, 0x0000000711600000| Untracked 
|  66|0x0000000711800000, 0x0000000711800000, 0x0000000711a00000|  0%| E|  |TAMS 0x0000000711800000, 0x0000000711800000| Untracked 
|  67|0x0000000711a00000, 0x0000000711a00000, 0x0000000711c00000|  0%| E|  |TAMS 0x0000000711a00000, 0x0000000711a00000| Untracked 
|  68|0x0000000711c00000, 0x0000000711c00000, 0x0000000711e00000|  0%| E|  |TAMS 0x0000000711c00000, 0x0000000711c00000| Untracked 
|  69|0x0000000711e00000, 0x0000000711e00000, 0x0000000712000000|  0%| E|  |TAMS 0x0000000711e00000, 0x0000000711e00000| Untracked 
|  70|0x0000000712000000, 0x0000000712000000, 0x0000000712200000|  0%| E|  |TAMS 0x0000000712000000, 0x0000000712000000| Untracked 
|  71|0x0000000712200000, 0x0000000712200000, 0x0000000712400000|  0%| E|  |TAMS 0x0000000712200000, 0x0000000712200000| Untracked 
|  72|0x0000000712400000, 0x0000000712400000, 0x0000000712600000|  0%| E|  |TAMS 0x0000000712400000, 0x0000000712400000| Untracked 
|  73|0x0000000712600000, 0x0000000712600000, 0x0000000712800000|  0%| E|  |TAMS 0x0000000712600000, 0x0000000712600000| Untracked 
|  74|0x0000000712800000, 0x0000000712800000, 0x0000000712a00000|  0%| E|  |TAMS 0x0000000712800000, 0x0000000712800000| Untracked 
|  75|0x0000000712a00000, 0x0000000712a00000, 0x0000000712c00000|  0%| E|  |TAMS 0x0000000712a00000, 0x0000000712a00000| Untracked 
|  76|0x0000000712c00000, 0x0000000712c00000, 0x0000000712e00000|  0%| E|  |TAMS 0x0000000712c00000, 0x0000000712c00000| Untracked 
|  77|0x0000000712e00000, 0x0000000712e00000, 0x0000000713000000|  0%| E|  |TAMS 0x0000000712e00000, 0x0000000712e00000| Untracked 
| 118|0x0000000718000000, 0x0000000718000000, 0x0000000718200000|  0%| E|  |TAMS 0x0000000718000000, 0x0000000718000000| Untracked 
| 119|0x0000000718200000, 0x0000000718200000, 0x0000000718400000|  0%| E|  |TAMS 0x0000000718200000, 0x0000000718200000| Untracked 

Card table byte_map: [0x000001c2f94b0000,0x000001c2f9c70000] _byte_map_base: 0x000001c2f5c66000

Marking Bits (Prev, Next): (CMBitMap*) 0x000001c2ebe90450, (CMBitMap*) 0x000001c2ebe90490
 Prev Bits: [0x000001c2fa430000, 0x000001c2fe1e0000)
 Next Bits: [0x000001c280000000, 0x000001c283db0000)

Polling page: 0x000001c2ebc60000

Metaspace:

Usage:
  Non-class:     77.08 MB used.
      Class:     13.10 MB used.
       Both:     90.18 MB used.

Virtual space:
  Non-class space:      128.00 MB reserved,      77.75 MB ( 61%) committed,  2 nodes.
      Class space:        1.00 GB reserved,      13.62 MB (  1%) committed,  1 nodes.
             Both:        1.12 GB reserved,      91.38 MB (  8%) committed. 

Chunk freelists:
   Non-Class:  1.79 MB
       Class:  2.32 MB
        Both:  4.10 MB

MaxMetaspaceSize: unlimited
CompressedClassSpaceSize: 1.00 GB
Initial GC threshold: 21.00 MB
Current GC threshold: 146.56 MB
CDS: on
MetaspaceReclaimPolicy: balanced
 - commit_granule_bytes: 65536.
 - commit_granule_words: 8192.
 - virtual_space_node_default_size: 8388608.
 - enlarge_chunks_in_place: 1.
 - new_chunks_are_fully_committed: 0.
 - uncommit_free_chunks: 1.
 - use_allocation_guard: 0.
 - handle_deallocations: 1.


Internal statistics:

num_allocs_failed_limit: 11.
num_arena_births: 2364.
num_arena_deaths: 352.
num_vsnodes_births: 3.
num_vsnodes_deaths: 0.
num_space_committed: 1462.
num_space_uncommitted: 0.
num_chunks_returned_to_freelist: 428.
num_chunks_taken_from_freelist: 6284.
num_chunk_merges: 140.
num_chunk_splits: 3933.
num_chunks_enlarged: 2481.
num_inconsistent_stats: 0.

CodeCache: size=49152Kb used=33501Kb max_used=34878Kb free=15650Kb
 bounds [0x000001c2f4eb0000, 0x000001c2f70c0000, 0x000001c2f7eb0000]
 total_blobs=20205 nmethods=19459 adapters=671
 compilation: enabled
              stopped_count=0, restarted_count=0
 full_count=0

Compilation events (20 events):
Event: 3878.410 Thread 0x000001c2cb01a330 19650   !   1       org.springframework.beans.factory.support.FactoryBeanRegistrySupport::removeSingleton (34 bytes)
Event: 3878.410 Thread 0x000001c2cb01a330 nmethod 19650 0x000001c2f6f18290 code [0x000001c2f6f18440, 0x000001c2f6f18638]
Event: 3878.410 Thread 0x000001c2cb01a330 19651   !   1       org.springframework.beans.factory.support.DefaultSingletonBeanRegistry::removeSingleton (62 bytes)
Event: 3878.410 Thread 0x000001c2cb01a330 nmethod 19651 0x000001c2f6f17c90 code [0x000001c2f6f17e60, 0x000001c2f6f180d8]
Event: 3878.410 Thread 0x000001c2cb01a330 19652       1       org.springframework.beans.factory.support.DefaultListableBeanFactory::destroySingleton (15 bytes)
Event: 3878.411 Thread 0x000001c2cb01a330 nmethod 19652 0x000001c2f6f17590 code [0x000001c2f6f17780, 0x000001c2f6f17a78]
Event: 3878.411 Thread 0x000001c2cb01a330 19653   !   1       org.hibernate.internal.util.collections.BoundedConcurrentHashMap$Segment::clear (60 bytes)
Event: 3878.411 Thread 0x000001c2cb01a330 nmethod 19653 0x000001c2f6f16d10 code [0x000001c2f6f16f20, 0x000001c2f6f172f8]
Event: 3878.411 Thread 0x000001c2cb01a330 19654       1       com.microsoft.sqlserver.jdbc.SQLServerConnection::setState (6 bytes)
Event: 3878.411 Thread 0x000001c2cb01a330 nmethod 19654 0x000001c2f6f16a10 code [0x000001c2f6f16ba0, 0x000001c2f6f16cb8]
Event: 3878.411 Thread 0x000001c2cb01a330 19655  s!   1       java.net.Socket::close (47 bytes)
Event: 3878.411 Thread 0x000001c2cb01a330 nmethod 19655 0x000001c2f6f16390 code [0x000001c2f6f16560, 0x000001c2f6f168b8]
Event: 3878.529 Thread 0x000001c2cb01a330 19656       1       javax.crypto.Cipher::getOutputSize (53 bytes)
Event: 3878.530 Thread 0x000001c2cb01a330 nmethod 19656 0x000001c2f6f15e10 code [0x000001c2f6f15fe0, 0x000001c2f6f16298]
Event: 3878.530 Thread 0x000001c2cb01a330 19657       1       com.sun.crypto.provider.GaloisCounterMode::engineGetOutputSize (14 bytes)
Event: 3878.530 Thread 0x000001c2cb01a330 nmethod 19657 0x000001c2f6f15a90 code [0x000001c2f6f15c40, 0x000001c2f6f15d58]
Event: 3878.530 Thread 0x000001c2cb01a330 19658       1       com.sun.crypto.provider.GaloisCounterMode$GCMEncrypt::doFinal (281 bytes)
Event: 3878.531 Thread 0x000001c2cb01a330 nmethod 19658 0x000001c2f6f13d90 code [0x000001c2f6f140a0, 0x000001c2f6f15148]
Event: 3878.531 Thread 0x000001c2cb01a330 19659       1       com.sun.crypto.provider.GaloisCounterMode$GCTRGHASH::doFinal (32 bytes)
Event: 3878.531 Thread 0x000001c2cb01a330 nmethod 19659 0x000001c2f6f13910 code [0x000001c2f6f13ae0, 0x000001c2f6f13c78]

GC Heap History (20 events):
Event: 2962.314 GC heap after
{Heap after GC invocations=34 (full 0):
 garbage-first heap   total 169984K, used 55806K [0x0000000709400000, 0x0000000800000000)
  region size 2048K, 4 young (8192K), 4 survivors (8192K)
 Metaspace       used 88667K, committed 89728K, reserved 1179648K
  class space    used 12983K, committed 13504K, reserved 1048576K
}
Event: 3271.628 GC heap before
{Heap before GC invocations=34 (full 0):
 garbage-first heap   total 169984K, used 141822K [0x0000000709400000, 0x0000000800000000)
  region size 2048K, 46 young (94208K), 4 survivors (8192K)
 Metaspace       used 88755K, committed 89792K, reserved 1179648K
  class space    used 13001K, committed 13504K, reserved 1048576K
}
Event: 3271.633 GC heap after
{Heap after GC invocations=35 (full 0):
 garbage-first heap   total 169984K, used 55997K [0x0000000709400000, 0x0000000800000000)
  region size 2048K, 3 young (6144K), 3 survivors (6144K)
 Metaspace       used 88755K, committed 89792K, reserved 1179648K
  class space    used 13001K, committed 13504K, reserved 1048576K
}
Event: 3575.186 GC heap before
{Heap before GC invocations=35 (full 0):
 garbage-first heap   total 169984K, used 144061K [0x0000000709400000, 0x0000000800000000)
  region size 2048K, 46 young (94208K), 3 survivors (6144K)
 Metaspace       used 88825K, committed 89920K, reserved 1179648K
  class space    used 13014K, committed 13568K, reserved 1048576K
}
Event: 3575.189 GC heap after
{Heap after GC invocations=36 (full 0):
 garbage-first heap   total 169984K, used 55699K [0x0000000709400000, 0x0000000800000000)
  region size 2048K, 3 young (6144K), 3 survivors (6144K)
 Metaspace       used 88825K, committed 89920K, reserved 1179648K
  class space    used 13014K, committed 13568K, reserved 1048576K
}
Event: 3598.408 GC heap before
{Heap before GC invocations=36 (full 0):
 garbage-first heap   total 169984K, used 61843K [0x0000000709400000, 0x0000000800000000)
  region size 2048K, 7 young (14336K), 3 survivors (6144K)
 Metaspace       used 88924K, committed 90048K, reserved 1179648K
  class space    used 13035K, committed 13568K, reserved 1048576K
}
Event: 3598.520 GC heap after
{Heap after GC invocations=37 (full 1):
 garbage-first heap   total 163840K, used 43238K [0x0000000709400000, 0x0000000800000000)
  region size 2048K, 0 young (0K), 0 survivors (0K)
 Metaspace       used 88506K, committed 90048K, reserved 1179648K
  class space    used 12946K, committed 13568K, reserved 1048576K
}
Event: 3599.933 GC heap before
{Heap before GC invocations=37 (full 1):
 garbage-first heap   total 163840K, used 135398K [0x0000000709400000, 0x0000000800000000)
  region size 2048K, 46 young (94208K), 0 survivors (0K)
 Metaspace       used 89261K, committed 90304K, reserved 1179648K
  class space    used 13039K, committed 13568K, reserved 1048576K
}
Event: 3599.941 GC heap after
{Heap after GC invocations=38 (full 1):
 garbage-first heap   total 163840K, used 51381K [0x0000000709400000, 0x0000000800000000)
  region size 2048K, 4 young (8192K), 4 survivors (8192K)
 Metaspace       used 89261K, committed 90304K, reserved 1179648K
  class space    used 13039K, committed 13568K, reserved 1048576K
}
Event: 3602.116 GC heap before
{Heap before GC invocations=38 (full 1):
 garbage-first heap   total 163840K, used 131253K [0x0000000709400000, 0x0000000800000000)
  region size 2048K, 43 young (88064K), 4 survivors (8192K)
 Metaspace       used 90285K, committed 91328K, reserved 1179648K
  class space    used 13175K, committed 13632K, reserved 1048576K
}
Event: 3602.126 GC heap after
{Heap after GC invocations=39 (full 1):
 garbage-first heap   total 163840K, used 55315K [0x0000000709400000, 0x0000000800000000)
  region size 2048K, 3 young (6144K), 3 survivors (6144K)
 Metaspace       used 90285K, committed 91328K, reserved 1179648K
  class space    used 13175K, committed 13632K, reserved 1048576K
}
Event: 3602.644 GC heap before
{Heap before GC invocations=39 (full 1):
 garbage-first heap   total 163840K, used 129043K [0x0000000709400000, 0x0000000800000000)
  region size 2048K, 39 young (79872K), 3 survivors (6144K)
 Metaspace       used 90722K, committed 91776K, reserved 1179648K
  class space    used 13218K, committed 13696K, reserved 1048576K
}
Event: 3602.650 GC heap after
{Heap after GC invocations=40 (full 1):
 garbage-first heap   total 163840K, used 58877K [0x0000000709400000, 0x0000000800000000)
  region size 2048K, 3 young (6144K), 3 survivors (6144K)
 Metaspace       used 90722K, committed 91776K, reserved 1179648K
  class space    used 13218K, committed 13696K, reserved 1048576K
}
Event: 3603.122 GC heap before
{Heap before GC invocations=40 (full 1):
 garbage-first heap   total 163840K, used 126461K [0x0000000709400000, 0x0000000800000000)
  region size 2048K, 36 young (73728K), 3 survivors (6144K)
 Metaspace       used 91563K, committed 92608K, reserved 1179648K
  class space    used 13282K, committed 13760K, reserved 1048576K
}
Event: 3603.126 GC heap after
{Heap after GC invocations=41 (full 1):
 garbage-first heap   total 163840K, used 63242K [0x0000000709400000, 0x0000000800000000)
  region size 2048K, 5 young (10240K), 5 survivors (10240K)
 Metaspace       used 91563K, committed 92608K, reserved 1179648K
  class space    used 13282K, committed 13760K, reserved 1048576K
}
Event: 3641.428 GC heap before
{Heap before GC invocations=41 (full 1):
 garbage-first heap   total 163840K, used 126730K [0x0000000709400000, 0x0000000800000000)
  region size 2048K, 36 young (73728K), 5 survivors (10240K)
 Metaspace       used 91714K, committed 92736K, reserved 1179648K
  class space    used 13297K, committed 13760K, reserved 1048576K
}
Event: 3641.433 GC heap after
{Heap after GC invocations=42 (full 1):
 garbage-first heap   total 163840K, used 66889K [0x0000000709400000, 0x0000000800000000)
  region size 2048K, 5 young (10240K), 5 survivors (10240K)
 Metaspace       used 91714K, committed 92736K, reserved 1179648K
  class space    used 13297K, committed 13760K, reserved 1048576K
}
Event: 3730.853 GC heap before
{Heap before GC invocations=42 (full 1):
 garbage-first heap   total 163840K, used 128329K [0x0000000709400000, 0x0000000800000000)
  region size 2048K, 35 young (71680K), 5 survivors (10240K)
 Metaspace       used 92322K, committed 93568K, reserved 1179648K
  class space    used 13405K, committed 13952K, reserved 1048576K
}
Event: 3730.857 GC heap after
{Heap after GC invocations=43 (full 1):
 garbage-first heap   total 163840K, used 69320K [0x0000000709400000, 0x0000000800000000)
  region size 2048K, 4 young (8192K), 4 survivors (8192K)
 Metaspace       used 92322K, committed 93568K, reserved 1179648K
  class space    used 13405K, committed 13952K, reserved 1048576K
}
Event: 3880.697 GC heap before
{Heap before GC invocations=43 (full 1):
 garbage-first heap   total 163840K, used 124616K [0x0000000709400000, 0x0000000800000000)
  region size 2048K, 32 young (65536K), 4 survivors (8192K)
 Metaspace       used 92341K, committed 93568K, reserved 1179648K
  class space    used 13410K, committed 13952K, reserved 1048576K
}

Deoptimization events (14 events):
Event: 2.978 Thread 0x000001c2cb106510 DEOPT PACKING pc=0x000001c2f547af89 sp=0x000000743cdf8740
Event: 2.978 Thread 0x000001c2cb106510 DEOPT UNPACKING pc=0x000001c2f4f02b43 sp=0x000000743cdf7bd0 mode 3
Event: 2.978 Thread 0x000001c2cb1046b0 DEOPT PACKING pc=0x000001c2f541581f sp=0x000000743daff350
Event: 2.978 Thread 0x000001c2cb1046b0 DEOPT UNPACKING pc=0x000001c2f4f02b43 sp=0x000000743dafe7a8 mode 3
Event: 4.019 Thread 0x000001c2cb106510 DEOPT PACKING pc=0x000001c2f5a60174 sp=0x000000743cdf7d50
Event: 4.019 Thread 0x000001c2cb106510 DEOPT UNPACKING pc=0x000001c2f4f02b43 sp=0x000000743cdf71d8 mode 0
Event: 4.501 Thread 0x000001c2cb106510 DEOPT PACKING pc=0x000001c2f5bbd864 sp=0x000000743cdfa510
Event: 4.501 Thread 0x000001c2cb106510 DEOPT UNPACKING pc=0x000001c2f4f02b43 sp=0x000000743cdf9a68 mode 0
Event: 5.121 Thread 0x000001c2cb106510 DEOPT PACKING pc=0x000001c2f54ecb52 sp=0x000000743cdfc640
Event: 5.121 Thread 0x000001c2cb106510 DEOPT UNPACKING pc=0x000001c2f4f02b43 sp=0x000000743cdfbb48 mode 3
Event: 5.121 Thread 0x000001c2cb106510 DEOPT PACKING pc=0x000001c2f549ef55 sp=0x000000743cdfc600
Event: 5.121 Thread 0x000001c2cb106510 DEOPT UNPACKING pc=0x000001c2f4f02b43 sp=0x000000743cdfbb48 mode 3
Event: 202.008 Thread 0x000001c2ce1e9e00 DEOPT PACKING pc=0x000001c2f6027a1c sp=0x000000743e4fa630
Event: 202.008 Thread 0x000001c2ce1e9e00 DEOPT UNPACKING pc=0x000001c2f4f02b43 sp=0x000000743e4f9ae0 mode 0

Classes unloaded (20 events):
Event: 3880.717 Thread 0x000001c2ff275500 Unloading class 0x000001c2874c9c00 'java/lang/invoke/LambdaForm$MH+0x000001c2874c9c00'
Event: 3880.717 Thread 0x000001c2ff275500 Unloading class 0x000001c2874c9800 'java/lang/invoke/LambdaForm$MH+0x000001c2874c9800'
Event: 3880.717 Thread 0x000001c2ff275500 Unloading class 0x000001c2874c9400 'java/lang/invoke/LambdaForm$MH+0x000001c2874c9400'
Event: 3880.717 Thread 0x000001c2ff275500 Unloading class 0x000001c2874c9000 'java/lang/invoke/LambdaForm$MH+0x000001c2874c9000'
Event: 3880.717 Thread 0x000001c2ff275500 Unloading class 0x000001c2874c8c00 'java/lang/invoke/LambdaForm$MH+0x000001c2874c8c00'
Event: 3880.717 Thread 0x000001c2ff275500 Unloading class 0x000001c2874c8800 'java/lang/invoke/LambdaForm$MH+0x000001c2874c8800'
Event: 3880.717 Thread 0x000001c2ff275500 Unloading class 0x000001c2874c8400 'java/lang/invoke/LambdaForm$MH+0x000001c2874c8400'
Event: 3880.717 Thread 0x000001c2ff275500 Unloading class 0x000001c287295400 'java/lang/invoke/LambdaForm$MH+0x000001c287295400'
Event: 3880.717 Thread 0x000001c2ff275500 Unloading class 0x000001c287295000 'java/lang/invoke/LambdaForm$MH+0x000001c287295000'
Event: 3880.717 Thread 0x000001c2ff275500 Unloading class 0x000001c287294c00 'java/lang/invoke/LambdaForm$MH+0x000001c287294c00'
Event: 3880.717 Thread 0x000001c2ff275500 Unloading class 0x000001c287294800 'java/lang/invoke/LambdaForm$MH+0x000001c287294800'
Event: 3880.717 Thread 0x000001c2ff275500 Unloading class 0x000001c287294400 'java/lang/invoke/LambdaForm$MH+0x000001c287294400'
Event: 3880.717 Thread 0x000001c2ff275500 Unloading class 0x000001c287294000 'java/lang/invoke/LambdaForm$MH+0x000001c287294000'
Event: 3880.717 Thread 0x000001c2ff275500 Unloading class 0x000001c28714c000 'java/lang/invoke/LambdaForm$MH+0x000001c28714c000'
Event: 3880.717 Thread 0x000001c2ff275500 Unloading class 0x000001c287006000 'java/lang/invoke/LambdaForm$MH+0x000001c287006000'
Event: 3880.717 Thread 0x000001c2ff275500 Unloading class 0x000001c287004400 'java/lang/invoke/LambdaForm$MH+0x000001c287004400'
Event: 3880.717 Thread 0x000001c2ff275500 Unloading class 0x000001c287003800 'java/lang/invoke/LambdaForm$MH+0x000001c287003800'
Event: 3880.717 Thread 0x000001c2ff275500 Unloading class 0x000001c287003000 'java/lang/invoke/LambdaForm$MH+0x000001c287003000'
Event: 3880.717 Thread 0x000001c2ff275500 Unloading class 0x000001c287002800 'java/lang/invoke/LambdaForm$MH+0x000001c287002800'
Event: 3880.717 Thread 0x000001c2ff275500 Unloading class 0x000001c287002000 'java/lang/invoke/LambdaForm$MH+0x000001c287002000'

Classes redefined (0 events):
No events

Internal exceptions (20 events):
Event: 3602.013 Thread 0x000001c2ce25b5c0 Exception <a 'sun/nio/fs/WindowsException'{0x000000070f9ba8a0}> (0x000000070f9ba8a0) 
thrown [s\open\src\hotspot\share\prims\jni.cpp, line 516]
Event: 3602.029 Thread 0x000001c2ce25b5c0 Exception <a 'sun/nio/fs/WindowsException'{0x000000070f428c10}> (0x000000070f428c10) 
thrown [s\open\src\hotspot\share\prims\jni.cpp, line 516]
Event: 3602.228 Thread 0x000001c2ce25b5c0 Exception <a 'sun/nio/fs/WindowsException'{0x000000071275bb58}> (0x000000071275bb58) 
thrown [s\open\src\hotspot\share\prims\jni.cpp, line 516]
Event: 3602.258 Thread 0x000001c2ce25b5c0 Exception <a 'sun/nio/fs/WindowsException'{0x0000000712226120}> (0x0000000712226120) 
thrown [s\open\src\hotspot\share\prims\jni.cpp, line 516]
Event: 3602.345 Thread 0x000001c2ce25b5c0 Exception <a 'java/lang/NoClassDefFoundError'{0x0000000711808b38}: org/flywaydb/core/Flyway> (0x0000000711808b38) 
thrown [s\open\src\hotspot\share\oops\constantPool.cpp, line 835]
Event: 3602.345 Thread 0x000001c2ce25b5c0 Exception <a 'java/lang/NoClassDefFoundError'{0x0000000711809188}: liquibase/integration/spring/SpringLiquibase> (0x0000000711809188) 
thrown [s\open\src\hotspot\share\oops\constantPool.cpp, line 835]
Event: 3602.351 Thread 0x000001c2ce25b5c0 Exception <a 'java/lang/NoClassDefFoundError'{0x00000007118c4f88}: org/jooq/DSLContext> (0x00000007118c4f88) 
thrown [s\open\src\hotspot\share\oops\constantPool.cpp, line 835]
Event: 3602.352 Thread 0x000001c2ce25b5c0 Exception <a 'java/lang/NoClassDefFoundError'{0x00000007118dc680}: org/springframework/batch/core/repository/JobRepository> (0x00000007118dc680) 
thrown [s\open\src\hotspot\share\oops\constantPool.cpp, line 835]
Event: 3602.352 Thread 0x000001c2ce25b5c0 Exception <a 'java/lang/NoClassDefFoundError'{0x00000007118dccc8}: org/quartz/Scheduler> (0x00000007118dccc8) 
thrown [s\open\src\hotspot\share\oops\constantPool.cpp, line 835]
Event: 3602.352 Thread 0x000001c2ce25b5c0 Exception <a 'java/lang/NoClassDefFoundError'{0x00000007118dd338}: org/springframework/session/jdbc/JdbcIndexedSessionRepository> (0x00000007118dd338) 
thrown [s\open\src\hotspot\share\oops\constantPool.cpp, line 835]
Event: 3602.419 Thread 0x000001c2ce25b5c0 Exception <a 'sun/nio/fs/WindowsException'{0x0000000710f9d510}> (0x0000000710f9d510) 
thrown [s\open\src\hotspot\share\prims\jni.cpp, line 516]
Event: 3602.419 Thread 0x000001c2ce25b5c0 Exception <a 'sun/nio/fs/WindowsException'{0x0000000710f9db68}> (0x0000000710f9db68) 
thrown [s\open\src\hotspot\share\prims\jni.cpp, line 516]
Event: 3602.419 Thread 0x000001c2ce25b5c0 Exception <a 'sun/nio/fs/WindowsException'{0x0000000710f9e240}> (0x0000000710f9e240) 
thrown [s\open\src\hotspot\share\prims\jni.cpp, line 516]
Event: 3602.428 Thread 0x000001c2ce25b5c0 Exception <a 'java/io/FileNotFoundException'{0x0000000710c02e00}> (0x0000000710c02e00) 
thrown [s\open\src\hotspot\share\prims\jni.cpp, line 516]
Event: 3602.485 Thread 0x000001c2ce25b5c0 Exception <a 'sun/nio/fs/WindowsException'{0x0000000710441388}> (0x0000000710441388) 
thrown [s\open\src\hotspot\share\prims\jni.cpp, line 516]
Event: 3602.799 Thread 0x000001c2ce25b5c0 Exception <a 'java/io/FileNotFoundException'{0x0000000711cb1b48}> (0x0000000711cb1b48) 
thrown [s\open\src\hotspot\share\prims\jni.cpp, line 516]
Event: 3602.946 Thread 0x000001c2ce25b5c0 Exception <a 'java/io/FileNotFoundException'{0x00000007108cb158}> (0x00000007108cb158) 
thrown [s\open\src\hotspot\share\prims\jni.cpp, line 516]
Event: 3602.946 Thread 0x000001c2ce25b5c0 Exception <a 'java/io/FileNotFoundException'{0x00000007108d6450}> (0x00000007108d6450) 
thrown [s\open\src\hotspot\share\prims\jni.cpp, line 516]
Event: 3603.309 Thread 0x000001c2ce25b5c0 Exception <a 'sun/nio/fs/WindowsException'{0x0000000711e76e78}> (0x0000000711e76e78) 
thrown [s\open\src\hotspot\share\prims\jni.cpp, line 516]
Event: 3880.696 Thread 0x000001c2ce259250 Exception <a 'java/lang/InterruptedException'{0x000000070fda4108}: sleep interrupted> (0x000000070fda4108) 
thrown [s\open\src\hotspot\share\prims\jvm.cpp, line 3064]

VM Operations (20 events):
Event: 3728.099 Executing VM operation: HandshakeAllThreads done
Event: 3730.852 Executing VM operation: G1CollectForAllocation
Event: 3730.857 Executing VM operation: G1CollectForAllocation done
Event: 3731.862 Executing VM operation: Cleanup
Event: 3731.862 Executing VM operation: Cleanup done
Event: 3746.990 Executing VM operation: Cleanup
Event: 3746.990 Executing VM operation: Cleanup done
Event: 3747.999 Executing VM operation: Cleanup
Event: 3747.999 Executing VM operation: Cleanup done
Event: 3750.019 Executing VM operation: Cleanup
Event: 3750.019 Executing VM operation: Cleanup done
Event: 3848.340 Executing VM operation: HandshakeAllThreads
Event: 3848.340 Executing VM operation: HandshakeAllThreads done
Event: 3878.638 Executing VM operation: Cleanup
Event: 3878.638 Executing VM operation: Cleanup done
Event: 3880.694 Executing VM operation: ThreadDump
Event: 3880.695 Executing VM operation: ThreadDump done
Event: 3880.695 Executing VM operation: ThreadDump
Event: 3880.695 Executing VM operation: ThreadDump done
Event: 3880.697 Executing VM operation: G1CollectFull

Events (20 events):
Event: 3873.404 Thread 0x000001c2ce1e9e00 Thread exited: 0x000001c2ce1e9e00
Event: 3873.404 Thread 0x000001c2ce1e7070 Thread exited: 0x000001c2ce1e7070
Event: 3873.404 Thread 0x000001c2ce25a690 Thread exited: 0x000001c2ce25a690
Event: 3873.404 Thread 0x000001c2ce258320 Thread exited: 0x000001c2ce258320
Event: 3873.404 Thread 0x000001c2ce25aba0 Thread exited: 0x000001c2ce25aba0
Event: 3873.404 Thread 0x000001c2ce259760 Thread exited: 0x000001c2ce259760
Event: 3873.404 Thread 0x000001c2ce25bad0 Thread exited: 0x000001c2ce25bad0
Event: 3873.404 Thread 0x000001c2ce257e10 Thread exited: 0x000001c2ce257e10
Event: 3873.404 Thread 0x000001c2ce1ea310 Thread exited: 0x000001c2ce1ea310
Event: 3873.404 Thread 0x000001c2ce257900 Thread exited: 0x000001c2ce257900
Event: 3873.404 Thread 0x000001c2ce2573f0 Thread exited: 0x000001c2ce2573f0
Event: 3878.411 Thread 0x000001c2ce1e9e00 Thread added: 0x000001c2ce1e9e00
Event: 3878.411 Thread 0x000001c2ce258830 Thread exited: 0x000001c2ce258830
Event: 3878.412 Thread 0x000001c2ce1e7fa0 Thread added: 0x000001c2ce1e7fa0
Event: 3878.412 Thread 0x000001c2ce255aa0 Thread exited: 0x000001c2ce255aa0
Event: 3878.412 Thread 0x000001c2ce1e7fa0 Thread exited: 0x000001c2ce1e7fa0
Event: 3878.412 Thread 0x000001c2ce1e9e00 Thread exited: 0x000001c2ce1e9e00
Event: 3880.696 Thread 0x000001c2ce255590 Thread exited: 0x000001c2ce255590
Event: 3880.696 Thread 0x000001c2ce2564c0 Thread exited: 0x000001c2ce2564c0
Event: 3880.696 Thread 0x000001c2ce259250 Thread exited: 0x000001c2ce259250


Dynamic libraries:
0x00007ff7169a0000 - 0x00007ff7169b0000 	C:\Program Files\Java\jdk-17\bin\java.exe
0x00007ffe63e70000 - 0x00007ffe64087000 	C:\WINDOWS\SYSTEM32\ntdll.dll
0x00007ffe62860000 - 0x00007ffe62924000 	C:\WINDOWS\System32\KERNEL32.DLL
0x00007ffe61550000 - 0x00007ffe6190a000 	C:\WINDOWS\System32\KERNELBASE.dll
0x00007ffe611c0000 - 0x00007ffe612d1000 	C:\WINDOWS\System32\ucrtbase.dll
0x00007ffe566c0000 - 0x00007ffe566db000 	C:\Program Files\Java\jdk-17\bin\VCRUNTIME140.dll
0x00007ffe59450000 - 0x00007ffe59469000 	C:\Program Files\Java\jdk-17\bin\jli.dll
0x00007ffe627a0000 - 0x00007ffe62852000 	C:\WINDOWS\System32\ADVAPI32.dll
0x00007ffe62650000 - 0x00007ffe626f7000 	C:\WINDOWS\System32\msvcrt.dll
0x00007ffe62dd0000 - 0x00007ffe62e77000 	C:\WINDOWS\System32\sechost.dll
0x00007ffe61520000 - 0x00007ffe61548000 	C:\WINDOWS\System32\bcrypt.dll
0x00007ffe630e0000 - 0x00007ffe631f4000 	C:\WINDOWS\System32\RPCRT4.dll
0x00007ffe62e80000 - 0x00007ffe6302e000 	C:\WINDOWS\System32\USER32.dll
0x00007ffe61450000 - 0x00007ffe61476000 	C:\WINDOWS\System32\win32u.dll
0x00007ffe4e500000 - 0x00007ffe4e792000 	C:\WINDOWS\WinSxS\amd64_microsoft.windows.common-controls_6595b64144ccf1df_6.0.22621.4541_none_2710d1c57384c085\COMCTL32.dll
0x00007ffe63e00000 - 0x00007ffe63e29000 	C:\WINDOWS\System32\GDI32.dll
0x00007ffe61990000 - 0x00007ffe61aab000 	C:\WINDOWS\System32\gdi32full.dll
0x00007ffe61480000 - 0x00007ffe6151a000 	C:\WINDOWS\System32\msvcp_win.dll
0x00007ffe56a60000 - 0x00007ffe56a6a000 	C:\WINDOWS\SYSTEM32\VERSION.dll
0x00007ffe63200000 - 0x00007ffe63231000 	C:\WINDOWS\System32\IMM32.DLL
0x00007ffe5ac30000 - 0x00007ffe5ac3c000 	C:\Program Files\Java\jdk-17\bin\vcruntime140_1.dll
0x00007ffe22630000 - 0x00007ffe226be000 	C:\Program Files\Java\jdk-17\bin\msvcp140.dll
0x00007ffd90c80000 - 0x00007ffd9185f000 	C:\Program Files\Java\jdk-17\bin\server\jvm.dll
0x00007ffe61b70000 - 0x00007ffe61b78000 	C:\WINDOWS\System32\PSAPI.DLL
0x00007ffe534f0000 - 0x00007ffe53524000 	C:\WINDOWS\SYSTEM32\WINMM.dll
0x00007ffe5de90000 - 0x00007ffe5de99000 	C:\WINDOWS\SYSTEM32\WSOCK32.dll
0x00007ffe63980000 - 0x00007ffe639f1000 	C:\WINDOWS\System32\WS2_32.dll
0x00007ffe601f0000 - 0x00007ffe60208000 	C:\WINDOWS\SYSTEM32\kernel.appcore.dll
0x00007ffe59480000 - 0x00007ffe5948a000 	C:\Program Files\Java\jdk-17\bin\jimage.dll
0x00007ffe5eaf0000 - 0x00007ffe5ed22000 	C:\WINDOWS\SYSTEM32\DBGHELP.DLL
0x00007ffe63a70000 - 0x00007ffe63dff000 	C:\WINDOWS\System32\combase.dll
0x00007ffe62570000 - 0x00007ffe62647000 	C:\WINDOWS\System32\OLEAUT32.dll
0x00007ffe569e0000 - 0x00007ffe56a12000 	C:\WINDOWS\SYSTEM32\dbgcore.DLL
0x00007ffe61910000 - 0x00007ffe6198b000 	C:\WINDOWS\System32\bcryptPrimitives.dll
0x00007ffe55d40000 - 0x00007ffe55d4e000 	C:\Program Files\Java\jdk-17\bin\instrument.dll
0x00007ffe47680000 - 0x00007ffe476a5000 	C:\Program Files\Java\jdk-17\bin\java.dll
0x00007ffe22550000 - 0x00007ffe22627000 	C:\Program Files\Java\jdk-17\bin\jsvml.dll
0x00007ffe61cf0000 - 0x00007ffe62568000 	C:\WINDOWS\System32\SHELL32.dll
0x00007ffe5f080000 - 0x00007ffe5f988000 	C:\WINDOWS\SYSTEM32\windows.storage.dll
0x00007ffe5ef40000 - 0x00007ffe5f07f000 	C:\WINDOWS\SYSTEM32\wintypes.dll
0x00007ffe61bf0000 - 0x00007ffe61cea000 	C:\WINDOWS\System32\SHCORE.dll
0x00007ffe62d60000 - 0x00007ffe62dbe000 	C:\WINDOWS\System32\shlwapi.dll
0x00007ffe61070000 - 0x00007ffe6109b000 	C:\WINDOWS\SYSTEM32\profapi.dll
0x00007ffe47110000 - 0x00007ffe47128000 	C:\Program Files\Java\jdk-17\bin\zip.dll
0x00007ffe47660000 - 0x00007ffe47679000 	C:\Program Files\Java\jdk-17\bin\net.dll
0x00007ffe5cc80000 - 0x00007ffe5cdb6000 	C:\WINDOWS\SYSTEM32\WINHTTP.dll
0x00007ffe60670000 - 0x00007ffe606d9000 	C:\WINDOWS\system32\mswsock.dll
0x00007ffe47640000 - 0x00007ffe47656000 	C:\Program Files\Java\jdk-17\bin\nio.dll
0x00007ffe470c0000 - 0x00007ffe470da000 	C:\Program Files\JetBrains\IntelliJ IDEA 2024.1.2\bin\breakgen64.dll
0x00007ffe5fc10000 - 0x00007ffe5fd12000 	C:\WINDOWS\SYSTEM32\DNSAPI.dll
0x00007ffe5fbe0000 - 0x00007ffe5fc0d000 	C:\WINDOWS\SYSTEM32\IPHLPAPI.DLL
0x00007ffe62dc0000 - 0x00007ffe62dc9000 	C:\WINDOWS\System32\NSI.dll
0x00007ffe5b920000 - 0x00007ffe5b92a000 	C:\Windows\System32\rasadhlp.dll
0x00007ffe5b2f0000 - 0x00007ffe5b373000 	C:\WINDOWS\System32\fwpuclnt.dll
0x00007ffe47100000 - 0x00007ffe4710a000 	C:\Program Files\Java\jdk-17\bin\management.dll
0x00007ffe470f0000 - 0x00007ffe470fb000 	C:\Program Files\Java\jdk-17\bin\management_ext.dll
0x00007ffe608c0000 - 0x00007ffe608db000 	C:\WINDOWS\SYSTEM32\CRYPTSP.dll
0x00007ffe60150000 - 0x00007ffe60185000 	C:\WINDOWS\system32\rsaenh.dll
0x00007ffe60760000 - 0x00007ffe60788000 	C:\WINDOWS\SYSTEM32\USERENV.dll
0x00007ffe608e0000 - 0x00007ffe608ec000 	C:\WINDOWS\SYSTEM32\CRYPTBASE.dll
0x00007ffe5ba40000 - 0x00007ffe5ba59000 	C:\WINDOWS\SYSTEM32\dhcpcsvc6.DLL
0x00007ffe5ba20000 - 0x00007ffe5ba3f000 	C:\WINDOWS\SYSTEM32\dhcpcsvc.DLL
0x00007ffe25f60000 - 0x00007ffe25f77000 	C:\WINDOWS\system32\napinsp.dll
0x00007ffe25f40000 - 0x00007ffe25f5b000 	C:\WINDOWS\system32\pnrpnsp.dll
0x00007ffe258e0000 - 0x00007ffe258f1000 	C:\WINDOWS\System32\winrnr.dll
0x00007ffe258b0000 - 0x00007ffe258d7000 	C:\WINDOWS\system32\nlansp_c.dll
0x00007ffe5b930000 - 0x00007ffe5b945000 	C:\WINDOWS\system32\wshbth.dll
0x00007ffe470e0000 - 0x00007ffe470ee000 	C:\Program Files\Java\jdk-17\bin\sunmscapi.dll
0x00007ffe612e0000 - 0x00007ffe61446000 	C:\WINDOWS\System32\CRYPT32.dll
0x00007ffe60a80000 - 0x00007ffe60aad000 	C:\WINDOWS\SYSTEM32\ncrypt.dll
0x00007ffe60a40000 - 0x00007ffe60a77000 	C:\WINDOWS\SYSTEM32\NTASN1.dll
0x00007ffe46f40000 - 0x00007ffe46f50000 	C:\Program Files\Java\jdk-17\bin\verify.dll
0x00007ffe22370000 - 0x00007ffe22378000 	C:\WINDOWS\system32\wshunix.dll

dbghelp: loaded successfully - version: 4.0.5 - missing functions: none
symbol engine: initialized successfully - sym options: 0x614 - pdb path: .;C:\Program Files\Java\jdk-17\bin;C:\WINDOWS\SYSTEM32;C:\WINDOWS\WinSxS\amd64_microsoft.windows.common-controls_6595b64144ccf1df_6.0.22621.4541_none_2710d1c57384c085;C:\Program Files\Java\jdk-17\bin\server;C:\Program Files\JetBrains\IntelliJ IDEA 2024.1.2\bin

VM Arguments:
jvm_args: -XX:TieredStopAtLevel=1 -Dspring.output.ansi.enabled=always -Dcom.sun.management.jmxremote -Dspring.jmx.enabled=true -Dspring.liveBeansView.mbeanDomain -Dspring.application.admin.enabled=true -Dmanagement.endpoints.jmx.exposure.include=* -javaagent:C:\Program Files\JetBrains\IntelliJ IDEA 2024.1.2\lib\idea_rt.jar=55873:C:\Program Files\JetBrains\IntelliJ IDEA 2024.1.2\bin -Dfile.encoding=UTF-8 
java_command: com.example.doantotnghiepbe.DoAnTotNghiepBeApplication
java_class_path (initial): D:\StudyClollege\DoAn\DoAnTotNghiepBE\target\classes;C:\Users\soaic\.m2\repository\org\springframework\boot\spring-boot-starter-web\3.3.4\spring-boot-starter-web-3.3.4.jar;C:\Users\soaic\.m2\repository\org\springframework\boot\spring-boot-starter\3.3.4\spring-boot-starter-3.3.4.jar;C:\Users\soaic\.m2\repository\org\springframework\boot\spring-boot-starter-logging\3.3.4\spring-boot-starter-logging-3.3.4.jar;C:\Users\soaic\.m2\repository\ch\qos\logback\logback-classic\1.5.8\logback-classic-1.5.8.jar;C:\Users\soaic\.m2\repository\ch\qos\logback\logback-core\1.5.8\logback-core-1.5.8.jar;C:\Users\soaic\.m2\repository\org\apache\logging\log4j\log4j-to-slf4j\2.23.1\log4j-to-slf4j-2.23.1.jar;C:\Users\soaic\.m2\repository\org\apache\logging\log4j\log4j-api\2.23.1\log4j-api-2.23.1.jar;C:\Users\soaic\.m2\repository\org\slf4j\jul-to-slf4j\2.0.16\jul-to-slf4j-2.0.16.jar;C:\Users\soaic\.m2\repository\jakarta\annotation\jakarta.annotation-api\2.1.1\jakarta.annotation-api-2.1.1.jar;C:\Users\soaic\.m2\repository\org\yaml\snakeyaml\2.2\snakeyaml-2.2.jar;C:\Users\soaic\.m2\repository\org\springframework\boot\spring-boot-starter-json\3.3.4\spring-boot-starter-json-3.3.4.jar;C:\Users\soaic\.m2\repository\com\fasterxml\jackson\core\jackson-databind\2.17.2\jackson-databind-2.17.2.jar;C:\Users\soaic\.m2\repository\com\fasterxml\jackson\core\jackson-annotations\2.17.2\jackson-annotations-2.17.2.jar;C:\Users\soaic\.m2\repository\com\fasterxml\jackson\core\jackson-core\2.17.2\jackson-core-2.17.2.jar;C:\Users\soaic\.m2\repository\com\fasterxml\jackson\datatype\jackson-datatype-jdk8\2.17.2\jackson-datatype-jdk8-2.17.2.jar;C:\Users\soaic\.m2\repository\com\fasterxml\jackson\datatype\jackson-datatype-jsr310\2.17.2\jackson-datatype-jsr310-2.17.2.jar;C:\Users\soaic\.m2\repository\com\fasterxml\jackson\module\jackson-module-parameter-names\2.17.2\jackson-module-parameter-names-2.17.2.jar;C:\Users\soaic\.m2\repository\org\springframework\boot\spring-boot-starter-tomcat\3.
Launcher Type: SUN_STANDARD

[Global flags]
     intx CICompilerCount                          = 12                                        {product} {ergonomic}
     uint ConcGCThreads                            = 3                                         {product} {ergonomic}
     uint G1ConcRefinementThreads                  = 13                                        {product} {ergonomic}
   size_t G1HeapRegionSize                         = 2097152                                   {product} {ergonomic}
    uintx GCDrainStackTargetSize                   = 64                                        {product} {ergonomic}
   size_t InitialHeapSize                          = 260046848                                 {product} {ergonomic}
     bool ManagementServer                         = true                                      {product} {command line}
   size_t MarkStackSize                            = 4194304                                   {product} {ergonomic}
   size_t MaxHeapSize                              = 4139778048                                {product} {ergonomic}
   size_t MaxNewSize                               = 2483027968                                {product} {ergonomic}
   size_t MinHeapDeltaBytes                        = 2097152                                   {product} {ergonomic}
   size_t MinHeapSize                              = 8388608                                   {product} {ergonomic}
    uintx NonProfiledCodeHeapSize                  = 0                                      {pd product} {ergonomic}
     bool ProfileInterpreter                       = false                                  {pd product} {command line}
    uintx ProfiledCodeHeapSize                     = 0                                      {pd product} {ergonomic}
   size_t SoftMaxHeapSize                          = 4139778048                             {manageable} {ergonomic}
     intx TieredStopAtLevel                        = 1                                         {product} {command line}
     bool UseCompressedClassPointers               = true                           {product lp64_product} {ergonomic}
     bool UseCompressedOops                        = true                           {product lp64_product} {ergonomic}
     bool UseG1GC                                  = true                                      {product} {ergonomic}
     bool UseLargePagesIndividualAllocation        = false                                  {pd product} {ergonomic}

Logging:
Log output configuration:
 #0: stdout all=warning uptime,level,tags
 #1: stderr all=off uptime,level,tags

Environment Variables:
PATH=C:\Program Files\Microsoft MPI\Bin\;C:\Program Files\Common Files\Oracle\Java\javapath;C:\Program Files (x86)\Common Files\Oracle\Java\java8path;C:\Program Files (x86)\Common Files\Oracle\Java\javapath;C:\Windows\system32;C:\Windows;C:\Windows\System32\Wbem;C:\Windows\System32\WindowsPowerShell\v1.0\;C:\Windows\System32\OpenSSH\;C:\Program Files (x86)\NVIDIA Corporation\PhysX\Common;C:\WINDOWS\system32;C:\WINDOWS;C:\WINDOWS\System32\Wbem;C:\WINDOWS\System32\WindowsPowerShell\v1.0\;C:\WINDOWS\System32\OpenSSH\;C:\Program Files\dotnet\;C:\Program Files (x86)\Microsoft SQL Server\160\Tools\Binn\;C:\Program Files\Microsoft SQL Server\160\Tools\Binn\;C:\Program Files\Microsoft SQL Server\Client SDK\ODBC\170\Tools\Binn\;C:\Program Files\Microsoft SQL Server\160\DTS\Binn\;C:\Program Files (x86)\Microsoft SQL Server\160\DTS\Binn\;C:\Program Files\Git\cmd;C:\Program Files\nodejs\;C:\Program Files\Cloudflare\Cloudflare WARP\;C:\Program Files\NVIDIA Corporation\NVIDIA app\NvDLISR;C:\Users\soaic\AppData\Local\Microsoft\WindowsApps;C:\Users\soaic\AppData\Local\Programs\Microsoft VS Code\bin;C:\Program Files\JetBrains\IntelliJ IDEA 2024.1.2\bin;;C:\Users\soaic\AppData\Local\Microsoft\WinGet\Packages\Schniz.fnm_Microsoft.Winget.Source_8wekyb3d8bbwe;C:\Users\soaic\AppData\Roaming\npm;C:\Users\soaic\AppData\Local\Muse Hub\lib
USERNAME=soaic
OS=Windows_NT
PROCESSOR_IDENTIFIER=AMD64 Family 23 Model 96 Stepping 1, AuthenticAMD



---------------  S Y S T E M  ---------------

OS:
 Windows 11 , 64 bit Build 22621 (10.0.22621.4391)
OS uptime: 0 days 9:46 hours

CPU: total 16 (initial active 16) (16 cores per cpu, 2 threads per core) family 23 model 96 stepping 1 microcode 0x0, cx8, cmov, fxsr, ht, mmx, 3dnowpref, sse, sse2, sse3, ssse3, sse4a, sse4.1, sse4.2, popcnt, lzcnt, tsc, tscinvbit, avx, avx2, aes, clmul, bmi1, bmi2, adx, sha, fma, vzeroupper, clflush, clflushopt

Memory: 4k page, system-wide physical 15790M (1104M free)
TotalPageFile size 43950M (AvailPageFile size 18402M)
current process WorkingSet (physical memory assigned to process): 365M, peak: 366M
current process commit charge ("private bytes"): 445M, peak: 445M

vm_info: Java HotSpot(TM) 64-Bit Server VM (17.0.10+11-LTS-240) for windows-amd64 JRE (17.0.10+11-LTS-240), built on Dec 19 2023 21:47:25 by "mach5one" with MS VC++ 17.1 (VS2022)

END.
